        -:    0:Source:catch_amalgamated.cpp
        -:    0:Graph:test.gcno
        -:    0:Data:test.gcda
        -:    0:Runs:1
        -:    0:Programs:1
        -:    1://              Copyright Catch2 Authors
        -:    2:// Distributed under the Boost Software License, Version 1.0.
        -:    3://   (See accompanying file LICENSE_1_0.txt or copy at
        -:    4://        https://www.boost.org/LICENSE_1_0.txt)
        -:    5:
        -:    6:// SPDX-License-Identifier: BSL-1.0
        -:    7:
        -:    8://  Catch v3.0.0-preview.3
        -:    9://  Generated: 2020-10-08 13:59:26.616931
        -:   10://  ----------------------------------------------------------
        -:   11://  This file is an amalgamation of multiple different files.
        -:   12://  You probably shouldn't edit it directly.
        -:   13://  ----------------------------------------------------------
        -:   14:
        -:   15:#include "catch_amalgamated.hpp"
        -:   16:
        -:   17:
        -:   18:// Adapted from donated nonius code.
        -:   19:
        -:   20:
        -:   21:
        -:   22:#include <cassert>
        -:   23:#include <iterator>
        -:   24:#include <random>
        -:   25:
        -:   26:
        -:   27:#if defined(CATCH_CONFIG_USE_ASYNC)
        -:   28:#include <future>
        -:   29:#endif
        -:   30:
        -:   31:namespace {
        -:   32:
        -:   33:using Catch::Benchmark::Detail::sample;
        -:   34:
        -:   35:     template <typename URng, typename Estimator>
    #####:   36:     sample resample(URng& rng, int resamples, std::vector<double>::iterator first, std::vector<double>::iterator last, Estimator& estimator) {
        -:   37:         auto n = last - first;
    #####:   38:         std::uniform_int_distribution<decltype(n)> dist(0, n - 1);
        -:   39:
        -:   40:         sample out;
    #####:   41:         out.reserve(resamples);
    #####:   42:         std::generate_n(std::back_inserter(out), resamples, [n, first, &estimator, &dist, &rng] {
        -:   43:             std::vector<double> resampled;
    #####:   44:             resampled.reserve(n);
    #####:   45:             std::generate_n(std::back_inserter(resampled), n, [first, &dist, &rng] { return first[dist(rng)]; });
    #####:   46:             return estimator(resampled.begin(), resampled.end());
        -:   47:         });
        -:   48:         std::sort(out.begin(), out.end());
    #####:   49:         return out;
        -:   50:     }
        -:   51:
        -:   52:
    #####:   53:    double erf_inv(double x) {
        -:   54:        // Code accompanying the article "Approximating the erfinv function" in GPU Computing Gems, Volume 2
        -:   55:        double w, p;
        -:   56:
    #####:   57:        w = -log((1.0 - x) * (1.0 + x));
        -:   58:
    #####:   59:        if (w < 6.250000) {
    #####:   60:            w = w - 3.125000;
        -:   61:            p = -3.6444120640178196996e-21;
    #####:   62:            p = -1.685059138182016589e-19 + p * w;
    #####:   63:            p = 1.2858480715256400167e-18 + p * w;
    #####:   64:            p = 1.115787767802518096e-17 + p * w;
    #####:   65:            p = -1.333171662854620906e-16 + p * w;
    #####:   66:            p = 2.0972767875968561637e-17 + p * w;
    #####:   67:            p = 6.6376381343583238325e-15 + p * w;
    #####:   68:            p = -4.0545662729752068639e-14 + p * w;
    #####:   69:            p = -8.1519341976054721522e-14 + p * w;
    #####:   70:            p = 2.6335093153082322977e-12 + p * w;
    #####:   71:            p = -1.2975133253453532498e-11 + p * w;
    #####:   72:            p = -5.4154120542946279317e-11 + p * w;
    #####:   73:            p = 1.051212273321532285e-09 + p * w;
    #####:   74:            p = -4.1126339803469836976e-09 + p * w;
    #####:   75:            p = -2.9070369957882005086e-08 + p * w;
    #####:   76:            p = 4.2347877827932403518e-07 + p * w;
    #####:   77:            p = -1.3654692000834678645e-06 + p * w;
    #####:   78:            p = -1.3882523362786468719e-05 + p * w;
    #####:   79:            p = 0.0001867342080340571352 + p * w;
    #####:   80:            p = -0.00074070253416626697512 + p * w;
    #####:   81:            p = -0.0060336708714301490533 + p * w;
    #####:   82:            p = 0.24015818242558961693 + p * w;
    #####:   83:            p = 1.6536545626831027356 + p * w;
    #####:   84:        } else if (w < 16.000000) {
    #####:   85:            w = sqrt(w) - 3.250000;
        -:   86:            p = 2.2137376921775787049e-09;
    #####:   87:            p = 9.0756561938885390979e-08 + p * w;
    #####:   88:            p = -2.7517406297064545428e-07 + p * w;
    #####:   89:            p = 1.8239629214389227755e-08 + p * w;
    #####:   90:            p = 1.5027403968909827627e-06 + p * w;
    #####:   91:            p = -4.013867526981545969e-06 + p * w;
    #####:   92:            p = 2.9234449089955446044e-06 + p * w;
    #####:   93:            p = 1.2475304481671778723e-05 + p * w;
    #####:   94:            p = -4.7318229009055733981e-05 + p * w;
    #####:   95:            p = 6.8284851459573175448e-05 + p * w;
    #####:   96:            p = 2.4031110387097893999e-05 + p * w;
    #####:   97:            p = -0.0003550375203628474796 + p * w;
    #####:   98:            p = 0.00095328937973738049703 + p * w;
    #####:   99:            p = -0.0016882755560235047313 + p * w;
    #####:  100:            p = 0.0024914420961078508066 + p * w;
    #####:  101:            p = -0.0037512085075692412107 + p * w;
    #####:  102:            p = 0.005370914553590063617 + p * w;
    #####:  103:            p = 1.0052589676941592334 + p * w;
    #####:  104:            p = 3.0838856104922207635 + p * w;
        -:  105:        } else {
    #####:  106:            w = sqrt(w) - 5.000000;
        -:  107:            p = -2.7109920616438573243e-11;
    #####:  108:            p = -2.5556418169965252055e-10 + p * w;
    #####:  109:            p = 1.5076572693500548083e-09 + p * w;
    #####:  110:            p = -3.7894654401267369937e-09 + p * w;
    #####:  111:            p = 7.6157012080783393804e-09 + p * w;
    #####:  112:            p = -1.4960026627149240478e-08 + p * w;
    #####:  113:            p = 2.9147953450901080826e-08 + p * w;
    #####:  114:            p = -6.7711997758452339498e-08 + p * w;
    #####:  115:            p = 2.2900482228026654717e-07 + p * w;
    #####:  116:            p = -9.9298272942317002539e-07 + p * w;
    #####:  117:            p = 4.5260625972231537039e-06 + p * w;
    #####:  118:            p = -1.9681778105531670567e-05 + p * w;
    #####:  119:            p = 7.5995277030017761139e-05 + p * w;
    #####:  120:            p = -0.00021503011930044477347 + p * w;
    #####:  121:            p = -0.00013871931833623122026 + p * w;
    #####:  122:            p = 1.0103004648645343977 + p * w;
    #####:  123:            p = 4.8499064014085844221 + p * w;
        -:  124:        }
    #####:  125:        return p * x;
        -:  126:    }
        -:  127:
    #####:  128:    double standard_deviation(std::vector<double>::iterator first, std::vector<double>::iterator last) {
        -:  129:        auto m = Catch::Benchmark::Detail::mean(first, last);
        -:  130:        double variance = std::accumulate(first, last, 0., [m](double a, double b) {
    #####:  131:            double diff = b - m;
    #####:  132:            return a + diff * diff;
    #####:  133:            }) / (last - first);
    #####:  134:            return std::sqrt(variance);
        -:  135:    }
        -:  136:
        -:  137:}
        -:  138:
        -:  139:namespace Catch {
        -:  140:    namespace Benchmark {
        -:  141:        namespace Detail {
        -:  142:
    #####:  143:            double weighted_average_quantile(int k, int q, std::vector<double>::iterator first, std::vector<double>::iterator last) {
        -:  144:                auto count = last - first;
    #####:  145:                double idx = (count - 1) * k / static_cast<double>(q);
    #####:  146:                int j = static_cast<int>(idx);
    #####:  147:                double g = idx - j;
    #####:  148:                std::nth_element(first, first + j, last);
    #####:  149:                auto xj = first[j];
    #####:  150:                if (g == 0) return xj;
        -:  151:
    #####:  152:                auto xj1 = *std::min_element(first + (j + 1), last);
    #####:  153:                return xj + g * (xj1 - xj);
        -:  154:            }
        -:  155:
        -:  156:
    #####:  157:            double erfc_inv(double x) {
    #####:  158:                return erf_inv(1.0 - x);
        -:  159:            }
        -:  160:
    #####:  161:            double normal_quantile(double p) {
        -:  162:                static const double ROOT_TWO = std::sqrt(2.0);
        -:  163:
        -:  164:                double result = 0.0;
    #####:  165:                assert(p >= 0 && p <= 1);
    #####:  166:                if (p < 0 || p > 1) {
        -:  167:                    return result;
        -:  168:                }
        -:  169:
    #####:  170:                result = -erfc_inv(2.0 * p);
        -:  171:                // result *= normal distribution standard deviation (1.0) * sqrt(2)
    #####:  172:                result *= /*sd * */ ROOT_TWO;
        -:  173:                // result += normal disttribution mean (0)
    #####:  174:                return result;
        -:  175:            }
        -:  176:
        -:  177:
    #####:  178:            double outlier_variance(Estimate<double> mean, Estimate<double> stddev, int n) {
    #####:  179:                double sb = stddev.point;
    #####:  180:                double mn = mean.point / n;
    #####:  181:                double mg_min = mn / 2.;
    #####:  182:                double sg = std::min(mg_min / 4., sb / std::sqrt(n));
    #####:  183:                double sg2 = sg * sg;
    #####:  184:                double sb2 = sb * sb;
        -:  185:
    #####:  186:                auto c_max = [n, mn, sb2, sg2](double x) -> double {
    #####:  187:                    double k = mn - x;
    #####:  188:                    double d = k * k;
    #####:  189:                    double nd = n * d;
    #####:  190:                    double k0 = -n * nd;
    #####:  191:                    double k1 = sb2 - n * sg2 + nd;
    #####:  192:                    double det = k1 * k1 - 4 * sg2 * k0;
    #####:  193:                    return (int)(-2. * k0 / (k1 + std::sqrt(det)));
    #####:  194:                };
        -:  195:
        -:  196:                auto var_out = [n, sb2, sg2](double c) {
    #####:  197:                    double nc = n - c;
    #####:  198:                    return (nc / n) * (sb2 - nc * sg2);
        -:  199:                };
        -:  200:
    #####:  201:                return std::min(var_out(1), var_out(std::min(c_max(0.), c_max(mg_min)))) / sb2;
        -:  202:            }
        -:  203:
        -:  204:
    #####:  205:            bootstrap_analysis analyse_samples(double confidence_level, int n_resamples, std::vector<double>::iterator first, std::vector<double>::iterator last) {
        -:  206:                CATCH_INTERNAL_START_WARNINGS_SUPPRESSION
        -:  207:                CATCH_INTERNAL_SUPPRESS_GLOBALS_WARNINGS
    #####:  208:                static std::random_device entropy;
        -:  209:                CATCH_INTERNAL_STOP_WARNINGS_SUPPRESSION
        -:  210:
        -:  211:                auto n = static_cast<int>(last - first); // seriously, one can't use integral types without hell in C++
        -:  212:
        -:  213:                auto mean = &Detail::mean<std::vector<double>::iterator>;
        -:  214:                auto stddev = &standard_deviation;
        -:  215:
        -:  216:#if defined(CATCH_CONFIG_USE_ASYNC)
        -:  217:                auto Estimate = [=](double(*f)(std::vector<double>::iterator, std::vector<double>::iterator)) {
        -:  218:                    auto seed = entropy();
        -:  219:                    return std::async(std::launch::async, [=] {
        -:  220:                        std::mt19937 rng(seed);
        -:  221:                        auto resampled = resample(rng, n_resamples, first, last, f);
        -:  222:                        return bootstrap(confidence_level, first, last, resampled, f);
        -:  223:                    });
        -:  224:                };
        -:  225:
        -:  226:                auto mean_future = Estimate(mean);
        -:  227:                auto stddev_future = Estimate(stddev);
        -:  228:
        -:  229:                auto mean_estimate = mean_future.get();
        -:  230:                auto stddev_estimate = stddev_future.get();
        -:  231:#else
    #####:  232:                auto Estimate = [=](double(*f)(std::vector<double>::iterator, std::vector<double>::iterator)) {
        -:  233:                    auto seed = entropy();
        -:  234:                    std::mt19937 rng(seed);
    #####:  235:                    auto resampled = resample(rng, n_resamples, first, last, f);
    #####:  236:                    return bootstrap(confidence_level, first, last, resampled, f);
    #####:  237:                };
        -:  238:
    #####:  239:                auto mean_estimate = Estimate(mean);
    #####:  240:                auto stddev_estimate = Estimate(stddev);
        -:  241:#endif // CATCH_USE_ASYNC
        -:  242:
    #####:  243:                double outlier_variance = Detail::outlier_variance(mean_estimate, stddev_estimate, n);
        -:  244:
    #####:  245:                return { mean_estimate, stddev_estimate, outlier_variance };
        -:  246:            }
        -:  247:        } // namespace Detail
        -:  248:    } // namespace Benchmark
        -:  249:} // namespace Catch
        -:  250:
        -:  251:
        -:  252:/** \file
        -:  253: * This is a special TU that combines what would otherwise be a very
        -:  254: * small benchmarking-related TUs into one bigger TU.
        -:  255: *
        -:  256: * The reason for this is compilation performance improvements by
        -:  257: * avoiding reparsing headers for many small TUs, instead having this
        -:  258: * one TU include bit more, but having it all parsed only once.
        -:  259: *
        -:  260: * To avoid heavy-tail problem with compilation times, each "subpart"
        -:  261: * of Catch2 has its own combined TU like this.
        -:  262: */
        -:  263:
        -:  264:////////////////////////////////////////////
        -:  265:// vvv formerly catch_chronometer.cpp vvv //
        -:  266:////////////////////////////////////////////
        -:  267:
        -:  268:
        -:  269:namespace Catch {
        -:  270:    namespace Benchmark {
        -:  271:        namespace Detail {
        -:  272:            ChronometerConcept::~ChronometerConcept() = default;
        -:  273:        } // namespace Detail
        -:  274:    } // namespace Benchmark
        -:  275:} // namespace Catch
        -:  276:
        -:  277:
        -:  278:///////////////////////////////////////////////////
        -:  279:// vvv formerly catch_benchmark_function.cpp vvv //
        -:  280:///////////////////////////////////////////////////
        -:  281:
        -:  282:
        -:  283:namespace Catch {
        -:  284:    namespace Benchmark {
        -:  285:        namespace Detail {
        -:  286:            BenchmarkFunction::callable::~callable() = default;
        -:  287:            } // namespace Detail
        -:  288:    } // namespace Benchmark
        -:  289:} // namespace Catch
        -:  290:
        -:  291:
        -:  292:////////////////////////////////////////////////
        -:  293:// vvv formerly catch_complete_invoke.cpp vvv //
        -:  294:////////////////////////////////////////////////
        -:  295:
        -:  296:
        -:  297:namespace Catch {
        -:  298:    namespace Benchmark {
        -:  299:        namespace Detail {
        -:  300:            CATCH_INTERNAL_START_WARNINGS_SUPPRESSION
        -:  301:            CATCH_INTERNAL_SUPPRESS_GLOBALS_WARNINGS
        1:  302:            const std::string benchmarkErrorMsg = "a benchmark failed to run successfully";
        -:  303:            CATCH_INTERNAL_STOP_WARNINGS_SUPPRESSION
        -:  304:        } // namespace Detail
        -:  305:    } // namespace Benchmark
        -:  306:} // namespace Catch
        -:  307:
        -:  308:
        -:  309:
        -:  310:
        -:  311://///////////////////////////////////////////////
        -:  312:// vvv formerly catch_run_for_at_least.cpp vvv //
        -:  313://///////////////////////////////////////////////
        -:  314:
        -:  315:#include <exception>
        -:  316:
        -:  317:namespace Catch {
        -:  318:    namespace Benchmark {
        -:  319:        namespace Detail {
    #####:  320:            struct optimized_away_error : std::exception {
        -:  321:                const char* what() const noexcept override;
        -:  322:            };
        -:  323:
    #####:  324:            const char* optimized_away_error::what() const noexcept {
    #####:  325:                return "could not measure benchmark, maybe it was optimized away";
        -:  326:            }
        -:  327:
    #####:  328:            void throw_optimized_away_error() {
    #####:  329:                Catch::throw_exception(optimized_away_error{});
        -:  330:            }
        -:  331:
        -:  332:        } // namespace Detail
        -:  333:    } // namespace Benchmark
        -:  334:} // namespace Catch
        -:  335:
        -:  336:
        -:  337:
        -:  338:#include <cmath>
        -:  339:#include <limits>
        -:  340:
        -:  341:namespace {
        -:  342:
        -:  343:// Performs equivalent check of std::fabs(lhs - rhs) <= margin
        -:  344:// But without the subtraction to allow for INFINITY in comparison
        -:  345:bool marginComparison(double lhs, double rhs, double margin) {
    #####:  346:    return (lhs + margin >= rhs) && (rhs + margin >= lhs);
        -:  347:}
        -:  348:
        -:  349:}
        -:  350:
        -:  351:namespace Catch {
        -:  352:
    #####:  353:    Approx::Approx ( double value )
        -:  354:    :   m_epsilon( std::numeric_limits<float>::epsilon()*100 ),
        -:  355:        m_margin( 0.0 ),
        -:  356:        m_scale( 0.0 ),
    #####:  357:        m_value( value )
    #####:  358:    {}
        -:  359:
    #####:  360:    Approx Approx::custom() {
    #####:  361:        return Approx( 0 );
        -:  362:    }
        -:  363:
    #####:  364:    Approx Approx::operator-() const {
    #####:  365:        auto temp(*this);
    #####:  366:        temp.m_value = -temp.m_value;
    #####:  367:        return temp;
        -:  368:    }
        -:  369:
        -:  370:
    #####:  371:    std::string Approx::toString() const {
    #####:  372:        ReusableStringStream rss;
    #####:  373:        rss << "Approx( " << ::Catch::Detail::stringify( m_value ) << " )";
    #####:  374:        return rss.str();
        -:  375:    }
        -:  376:
    #####:  377:    bool Approx::equalityComparisonImpl(const double other) const {
        -:  378:        // First try with fixed margin, then compute margin based on epsilon, scale and Approx's value
        -:  379:        // Thanks to Richard Harris for his help refining the scaled margin value
    #####:  380:        return marginComparison(m_value, other, m_margin)
    #####:  381:            || marginComparison(m_value, other, m_epsilon * (m_scale + std::fabs(std::isinf(m_value)? 0 : m_value)));
        -:  382:    }
        -:  383:
    #####:  384:    void Approx::setMargin(double newMargin) {
    #####:  385:        CATCH_ENFORCE(newMargin >= 0,
        -:  386:            "Invalid Approx::margin: " << newMargin << '.'
        -:  387:            << " Approx::Margin has to be non-negative.");
    #####:  388:        m_margin = newMargin;
    #####:  389:    }
        -:  390:
    #####:  391:    void Approx::setEpsilon(double newEpsilon) {
    #####:  392:        CATCH_ENFORCE(newEpsilon >= 0 && newEpsilon <= 1.0,
        -:  393:            "Invalid Approx::epsilon: " << newEpsilon << '.'
        -:  394:            << " Approx::epsilon has to be in [0, 1]");
    #####:  395:        m_epsilon = newEpsilon;
    #####:  396:    }
        -:  397:
        -:  398:namespace literals {
    #####:  399:    Approx operator "" _a(long double val) {
    #####:  400:        return Approx(val);
        -:  401:    }
    #####:  402:    Approx operator "" _a(unsigned long long val) {
    #####:  403:        return Approx(val);
        -:  404:    }
        -:  405:} // end namespace literals
        -:  406:
    #####:  407:std::string StringMaker<Catch::Approx>::convert(Catch::Approx const& value) {
    #####:  408:    return value.toString();
        -:  409:}
        -:  410:
        -:  411:} // end namespace Catch
        -:  412:
        -:  413:
        -:  414:
        -:  415:namespace Catch {
        -:  416:
    #####:  417:    AssertionResultData::AssertionResultData(ResultWas::OfType _resultType, LazyExpression const & _lazyExpression):
        -:  418:        lazyExpression(_lazyExpression),
    #####:  419:        resultType(_resultType) {}
        -:  420:
    #####:  421:    std::string AssertionResultData::reconstructExpression() const {
        -:  422:
    #####:  423:        if( reconstructedExpression.empty() ) {
    #####:  424:            if( lazyExpression ) {
    #####:  425:                ReusableStringStream rss;
    #####:  426:                rss << lazyExpression;
    #####:  427:                reconstructedExpression = rss.str();
        -:  428:            }
        -:  429:        }
    #####:  430:        return reconstructedExpression;
        -:  431:    }
        -:  432:
    #####:  433:    AssertionResult::AssertionResult( AssertionInfo const& info, AssertionResultData const& data )
        -:  434:    :   m_info( info ),
    #####:  435:        m_resultData( data )
    #####:  436:    {}
        -:  437:
        -:  438:    // Result was a success
    #####:  439:    bool AssertionResult::succeeded() const {
    #####:  440:        return Catch::isOk( m_resultData.resultType );
        -:  441:    }
        -:  442:
        -:  443:    // Result was a success, or failure is suppressed
    #####:  444:    bool AssertionResult::isOk() const {
    #####:  445:        return Catch::isOk( m_resultData.resultType ) || shouldSuppressFailure( m_info.resultDisposition );
        -:  446:    }
        -:  447:
    #####:  448:    ResultWas::OfType AssertionResult::getResultType() const {
    #####:  449:        return m_resultData.resultType;
        -:  450:    }
        -:  451:
    #####:  452:    bool AssertionResult::hasExpression() const {
    #####:  453:        return !m_info.capturedExpression.empty();
        -:  454:    }
        -:  455:
    #####:  456:    bool AssertionResult::hasMessage() const {
    #####:  457:        return !m_resultData.message.empty();
        -:  458:    }
        -:  459:
    #####:  460:    std::string AssertionResult::getExpression() const {
        -:  461:        // Possibly overallocating by 3 characters should be basically free
    #####:  462:        std::string expr; expr.reserve(m_info.capturedExpression.size() + 3);
    #####:  463:        if (isFalseTest(m_info.resultDisposition)) {
        -:  464:            expr += "!(";
        -:  465:        }
        -:  466:        expr += m_info.capturedExpression;
    #####:  467:        if (isFalseTest(m_info.resultDisposition)) {
        -:  468:            expr += ')';
        -:  469:        }
    #####:  470:        return expr;
        -:  471:    }
        -:  472:
    #####:  473:    std::string AssertionResult::getExpressionInMacro() const {
        -:  474:        std::string expr;
    #####:  475:        if( m_info.macroName.empty() )
    #####:  476:            expr = static_cast<std::string>(m_info.capturedExpression);
        -:  477:        else {
    #####:  478:            expr.reserve( m_info.macroName.size() + m_info.capturedExpression.size() + 4 );
        -:  479:            expr += m_info.macroName;
        -:  480:            expr += "( ";
        -:  481:            expr += m_info.capturedExpression;
        -:  482:            expr += " )";
        -:  483:        }
    #####:  484:        return expr;
        -:  485:    }
        -:  486:
    #####:  487:    bool AssertionResult::hasExpandedExpression() const {
    #####:  488:        return hasExpression() && getExpandedExpression() != getExpression();
        -:  489:    }
        -:  490:
    #####:  491:    std::string AssertionResult::getExpandedExpression() const {
    #####:  492:        std::string expr = m_resultData.reconstructExpression();
        -:  493:        return expr.empty()
        -:  494:                ? getExpression()
    #####:  495:                : expr;
        -:  496:    }
        -:  497:
    #####:  498:    std::string AssertionResult::getMessage() const {
    #####:  499:        return m_resultData.message;
        -:  500:    }
    #####:  501:    SourceLineInfo AssertionResult::getSourceInfo() const {
    #####:  502:        return m_info.lineInfo;
        -:  503:    }
        -:  504:
    #####:  505:    StringRef AssertionResult::getTestMacroName() const {
    #####:  506:        return m_info.macroName;
        -:  507:    }
        -:  508:
        -:  509:} // end namespace Catch
        -:  510:
        -:  511:
        -:  512:
        -:  513:
        -:  514:namespace Catch {
        -:  515:
        1:  516:    Config::Config( ConfigData const& data )
        -:  517:    :   m_data( data ),
        2:  518:        m_stream( openStream() )
        -:  519:    {
        -:  520:        // We need to trim filter specs to avoid trouble with superfluous
        -:  521:        // whitespace (esp. important for bdd macros, as those are manually
        -:  522:        // aligned with whitespace).
        -:  523:
        1:  524:        for (auto& elem : m_data.testsOrTags) {
    #####:  525:            elem = trim(elem);
        -:  526:        }
        1:  527:        for (auto& elem : m_data.sectionsToRun) {
    #####:  528:            elem = trim(elem);
        -:  529:        }
        -:  530:
        1:  531:        TestSpecParser parser(ITagAliasRegistry::get());
        1:  532:        if (!m_data.testsOrTags.empty()) {
    #####:  533:            m_hasTestFilters = true;
    #####:  534:            for (auto const& testOrTags : m_data.testsOrTags) {
    #####:  535:                parser.parse(testOrTags);
        -:  536:            }
        -:  537:        }
        2:  538:        m_testSpec = parser.testSpec();
        1:  539:    }
        -:  540:
        -:  541:    Config::~Config() = default;
        -:  542:
        -:  543:
    #####:  544:    std::string const& Config::getFilename() const {
    #####:  545:        return m_data.outputFilename ;
        -:  546:    }
        -:  547:
        1:  548:    bool Config::listTests() const          { return m_data.listTests; }
        1:  549:    bool Config::listTags() const           { return m_data.listTags; }
        1:  550:    bool Config::listReporters() const      { return m_data.listReporters; }
        -:  551:
    #####:  552:    std::string Config::getProcessName() const { return m_data.processName; }
        1:  553:    std::string const& Config::getReporterName() const { return m_data.reporterName; }
        -:  554:
    #####:  555:    std::vector<std::string> const& Config::getTestsOrTags() const { return m_data.testsOrTags; }
        1:  556:    std::vector<std::string> const& Config::getSectionsToRun() const { return m_data.sectionsToRun; }
        -:  557:
        4:  558:    TestSpec const& Config::testSpec() const { return m_testSpec; }
    #####:  559:    bool Config::hasTestFilters() const { return m_hasTestFilters; }
        -:  560:
    #####:  561:    bool Config::showHelp() const { return m_data.showHelp; }
        -:  562:
        -:  563:    // IConfig interface
    #####:  564:    bool Config::allowThrows() const                   { return !m_data.noThrow; }
       18:  565:    std::ostream& Config::stream() const               { return m_stream->stream(); }
        6:  566:    std::string Config::name() const                   { return m_data.name.empty() ? m_data.processName : m_data.name; }
        1:  567:    bool Config::includeSuccessfulResults() const      { return m_data.showSuccessfulTests; }
    #####:  568:    bool Config::warnAboutMissingAssertions() const    { return !!(m_data.warnings & WarnAbout::NoAssertions); }
        1:  569:    bool Config::warnAboutNoTests() const              { return !!(m_data.warnings & WarnAbout::NoTests); }
        2:  570:    ShowDurations Config::showDurations() const        { return m_data.showDurations; }
        1:  571:    double Config::minDuration() const                 { return m_data.minDuration; }
        3:  572:    TestRunOrder Config::runOrder() const              { return m_data.runOrder; }
        2:  573:    unsigned int Config::rngSeed() const               { return m_data.rngSeed; }
        1:  574:    UseColour Config::useColour() const                { return m_data.useColour; }
    #####:  575:    bool Config::shouldDebugBreak() const              { return m_data.shouldDebugBreak; }
        4:  576:    int Config::abortAfter() const                     { return m_data.abortAfter; }
    #####:  577:    bool Config::showInvisibles() const                { return m_data.showInvisibles; }
    #####:  578:    Verbosity Config::verbosity() const                { return m_data.verbosity; }
        -:  579:
        1:  580:    bool Config::benchmarkNoAnalysis() const                      { return m_data.benchmarkNoAnalysis; }
    #####:  581:    int Config::benchmarkSamples() const                          { return m_data.benchmarkSamples; }
    #####:  582:    double Config::benchmarkConfidenceInterval() const            { return m_data.benchmarkConfidenceInterval; }
    #####:  583:    unsigned int Config::benchmarkResamples() const               { return m_data.benchmarkResamples; }
    #####:  584:    std::chrono::milliseconds Config::benchmarkWarmupTime() const { return std::chrono::milliseconds(m_data.benchmarkWarmupTime); }
        -:  585:
    #####:  586:    IStream const* Config::openStream() {
        1:  587:        return Catch::makeStream(m_data.outputFilename);
        -:  588:    }
        -:  589:
        -:  590:} // end namespace Catch
        -:  591:
        -:  592:
        -:  593:
        -:  594:#include <cassert>
        -:  595:#include <stack>
        -:  596:
        -:  597:namespace Catch {
        -:  598:
        -:  599:    ////////////////////////////////////////////////////////////////////////////
        -:  600:
    #####:  601:    Catch::MessageBuilder::MessageBuilder( StringRef const& macroName,
        -:  602:                                           SourceLineInfo const& lineInfo,
        -:  603:                                           ResultWas::OfType type )
    #####:  604:        :m_info(macroName, lineInfo, type) {}
        -:  605:
        -:  606:    ////////////////////////////////////////////////////////////////////////////
        -:  607:
        -:  608:
    #####:  609:    ScopedMessage::ScopedMessage( MessageBuilder const& builder ):
    #####:  610:        m_info( builder.m_info ) {
    #####:  611:        m_info.message = builder.m_stream.str();
    #####:  612:        getResultCapture().pushScopedMessage( m_info );
    #####:  613:    }
        -:  614:
    #####:  615:    ScopedMessage::ScopedMessage( ScopedMessage&& old ) noexcept:
    #####:  616:        m_info( std::move( old.m_info ) ) {
    #####:  617:        old.m_moved = true;
    #####:  618:    }
        -:  619:
    #####:  620:    ScopedMessage::~ScopedMessage() {
    #####:  621:        if ( !uncaught_exceptions() && !m_moved ){
    #####:  622:            getResultCapture().popScopedMessage(m_info);
        -:  623:        }
    #####:  624:    }
        -:  625:
        -:  626:
    #####:  627:    Capturer::Capturer( StringRef macroName, SourceLineInfo const& lineInfo, ResultWas::OfType resultType, StringRef names ) {
    #####:  628:        auto trimmed = [&] (size_t start, size_t end) {
    #####:  629:            while (names[start] == ',' || isspace(static_cast<unsigned char>(names[start]))) {
    #####:  630:                ++start;
        -:  631:            }
    #####:  632:            while (names[end] == ',' || isspace(static_cast<unsigned char>(names[end]))) {
    #####:  633:                --end;
        -:  634:            }
    #####:  635:            return names.substr(start, end - start + 1);
    #####:  636:        };
    #####:  637:        auto skipq = [&] (size_t start, char quote) {
    #####:  638:            for (auto i = start + 1; i < names.size() ; ++i) {
    #####:  639:                if (names[i] == quote)
    #####:  640:                    return i;
    #####:  641:                if (names[i] == '\\')
    #####:  642:                    ++i;
        -:  643:            }
    #####:  644:            CATCH_INTERNAL_ERROR("CAPTURE parsing encountered unmatched quote");
    #####:  645:        };
        -:  646:
        -:  647:        size_t start = 0;
    #####:  648:        std::stack<char> openings;
    #####:  649:        for (size_t pos = 0; pos < names.size(); ++pos) {
    #####:  650:            char c = names[pos];
    #####:  651:            switch (c) {
        -:  652:            case '[':
        -:  653:            case '{':
        -:  654:            case '(':
        -:  655:            // It is basically impossible to disambiguate between
        -:  656:            // comparison and start of template args in this context
        -:  657://            case '<':
        -:  658:                openings.push(c);
        -:  659:                break;
        -:  660:            case ']':
        -:  661:            case '}':
        -:  662:            case ')':
        -:  663://           case '>':
        -:  664:                openings.pop();
        -:  665:                break;
        -:  666:            case '"':
        -:  667:            case '\'':
    #####:  668:                pos = skipq(pos, c);
        -:  669:                break;
        -:  670:            case ',':
    #####:  671:                if (start != pos && openings.empty()) {
    #####:  672:                    m_messages.emplace_back(macroName, lineInfo, resultType);
    #####:  673:                    m_messages.back().message = static_cast<std::string>(trimmed(start, pos));
    #####:  674:                    m_messages.back().message += " := ";
        -:  675:                    start = pos;
        -:  676:                }
        -:  677:            }
        -:  678:        }
    #####:  679:        assert(openings.empty() && "Mismatched openings");
    #####:  680:        m_messages.emplace_back(macroName, lineInfo, resultType);
    #####:  681:        m_messages.back().message = static_cast<std::string>(trimmed(start, names.size() - 1));
    #####:  682:        m_messages.back().message += " := ";
    #####:  683:    }
    #####:  684:    Capturer::~Capturer() {
    #####:  685:        if ( !uncaught_exceptions() ){
    #####:  686:            assert( m_captured == m_messages.size() );
    #####:  687:            for( size_t i = 0; i < m_captured; ++i  )
    #####:  688:                m_resultCapture.popScopedMessage( m_messages[i] );
        -:  689:        }
    #####:  690:    }
        -:  691:
    #####:  692:    void Capturer::captureValue( size_t index, std::string const& value ) {
    #####:  693:        assert( index < m_messages.size() );
    #####:  694:        m_messages[index].message += value;
    #####:  695:        m_resultCapture.pushScopedMessage( m_messages[index] );
    #####:  696:        m_captured++;
    #####:  697:    }
        -:  698:
        -:  699:} // end namespace Catch
        -:  700:
        -:  701:
        -:  702:
        -:  703:
        -:  704:namespace Catch {
        -:  705:
        -:  706:    namespace {
        -:  707:
        3:  708:        class RegistryHub : public IRegistryHub,
        -:  709:                            public IMutableRegistryHub,
        -:  710:                            private Detail::NonCopyable {
        -:  711:
        -:  712:        public: // IRegistryHub
        4:  713:            RegistryHub() = default;
        2:  714:            IReporterRegistry const& getReporterRegistry() const override {
        2:  715:                return m_reporterRegistry;
        -:  716:            }
        1:  717:            ITestCaseRegistry const& getTestCaseRegistry() const override {
        1:  718:                return m_testCaseRegistry;
        -:  719:            }
    #####:  720:            IExceptionTranslatorRegistry const& getExceptionTranslatorRegistry() const override {
    #####:  721:                return m_exceptionTranslatorRegistry;
        -:  722:            }
        1:  723:            ITagAliasRegistry const& getTagAliasRegistry() const override {
        1:  724:                return m_tagAliasRegistry;
        -:  725:            }
        1:  726:            StartupExceptionRegistry const& getStartupExceptionRegistry() const override {
        1:  727:                return m_exceptionRegistry;
        -:  728:            }
        -:  729:
        -:  730:        public: // IMutableRegistryHub
    #####:  731:            void registerReporter( std::string const& name, IReporterFactoryPtr factory ) override {
    #####:  732:                m_reporterRegistry.registerReporter( name, std::move(factory) );
    #####:  733:            }
    #####:  734:            void registerListener( IReporterFactoryPtr factory ) override {
    #####:  735:                m_reporterRegistry.registerListener( std::move(factory) );
    #####:  736:            }
        1:  737:            void registerTest( Detail::unique_ptr<TestCaseInfo>&& testInfo, Detail::unique_ptr<ITestInvoker>&& invoker ) override {
        2:  738:                m_testCaseRegistry.registerTest( std::move(testInfo), std::move(invoker) );
        1:  739:            }
    #####:  740:            void registerTranslator( const IExceptionTranslator* translator ) override {
    #####:  741:                m_exceptionTranslatorRegistry.registerTranslator( translator );
    #####:  742:            }
    #####:  743:            void registerTagAlias( std::string const& alias, std::string const& tag, SourceLineInfo const& lineInfo ) override {
    #####:  744:                m_tagAliasRegistry.add( alias, tag, lineInfo );
    #####:  745:            }
    #####:  746:            void registerStartupException() noexcept override {
        -:  747:#if !defined(CATCH_CONFIG_DISABLE_EXCEPTIONS)
    #####:  748:                m_exceptionRegistry.add(std::current_exception());
        -:  749:#else
        -:  750:                CATCH_INTERNAL_ERROR("Attempted to register active exception under CATCH_CONFIG_DISABLE_EXCEPTIONS!");
        -:  751:#endif
    #####:  752:            }
    #####:  753:            IMutableEnumValuesRegistry& getMutableEnumValuesRegistry() override {
    #####:  754:                return m_enumValuesRegistry;
        -:  755:            }
        -:  756:
        -:  757:        private:
        -:  758:            TestRegistry m_testCaseRegistry;
        -:  759:            ReporterRegistry m_reporterRegistry;
        -:  760:            ExceptionTranslatorRegistry m_exceptionTranslatorRegistry;
        -:  761:            TagAliasRegistry m_tagAliasRegistry;
        -:  762:            StartupExceptionRegistry m_exceptionRegistry;
        -:  763:            Detail::EnumValuesRegistry m_enumValuesRegistry;
        -:  764:        };
        -:  765:    }
        -:  766:
        -:  767:    using RegistryHubSingleton = Singleton<RegistryHub, IRegistryHub, IMutableRegistryHub>;
        -:  768:
    #####:  769:    IRegistryHub const& getRegistryHub() {
    #####:  770:        return RegistryHubSingleton::get();
        -:  771:    }
    #####:  772:    IMutableRegistryHub& getMutableRegistryHub() {
    #####:  773:        return RegistryHubSingleton::getMutable();
        -:  774:    }
        1:  775:    void cleanUp() {
        1:  776:        cleanupSingletons();
        -:  777:        cleanUpContext();
        1:  778:    }
    #####:  779:    std::string translateActiveException() {
    #####:  780:        return getRegistryHub().getExceptionTranslatorRegistry().translateActiveException();
        -:  781:    }
        -:  782:
        -:  783:
        -:  784:} // end namespace Catch
        -:  785:
        -:  786:
        -:  787:
        -:  788:#include <algorithm>
        -:  789:#include <iomanip>
        -:  790:#include <set>
        -:  791:
        -:  792:namespace Catch {
        -:  793:
        -:  794:    namespace {
        -:  795:        const int MaxExitCode = 255;
        -:  796:
        1:  797:        IStreamingReporterPtr createReporter(std::string const& reporterName, IConfig const* config) {
        1:  798:            auto reporter = Catch::getRegistryHub().getReporterRegistry().create(reporterName, config);
        1:  799:            CATCH_ENFORCE(reporter, "No reporter registered with name: '" << reporterName << "'");
        -:  800:
        1:  801:            return reporter;
        -:  802:        }
        -:  803:
        1:  804:        IStreamingReporterPtr makeReporter(Config const* config) {
        1:  805:            if (Catch::getRegistryHub().getReporterRegistry().getListeners().empty()) {
        1:  806:                return createReporter(config->getReporterName(), config);
        -:  807:            }
        -:  808:
        -:  809:            // On older platforms, returning unique_ptr<ListeningReporter>
        -:  810:            // when the return type is unique_ptr<IStreamingReporter>
        -:  811:            // doesn't compile without a std::move call. However, this causes
        -:  812:            // a warning on newer platforms. Thus, we have to work around
        -:  813:            // it a bit and downcast the pointer manually.
    #####:  814:            auto ret = Detail::unique_ptr<IStreamingReporter>(new ListeningReporter);
        -:  815:            auto& multi = static_cast<ListeningReporter&>(*ret);
    #####:  816:            auto const& listeners = Catch::getRegistryHub().getReporterRegistry().getListeners();
    #####:  817:            for (auto const& listener : listeners) {
    #####:  818:                multi.addListener(listener->create(Catch::ReporterConfig(config)));
        -:  819:            }
    #####:  820:            multi.addReporter(createReporter(config->getReporterName(), config));
        -:  821:            return ret;
        -:  822:        }
        -:  823:
        2:  824:        class TestGroup {
        -:  825:        public:
        1:  826:            explicit TestGroup(IStreamingReporterPtr&& reporter, Config const* config):
        -:  827:                m_reporter(reporter.get()),
        -:  828:                m_config{config},
        1:  829:                m_context{config, std::move(reporter)} {
        -:  830:
        1:  831:                auto const& allTestCases = getAllTestCasesSorted(*m_config);
        2:  832:                m_matches = m_config->testSpec().matchesByFilter(allTestCases, *m_config);
        1:  833:                auto const& invalidArgs = m_config->testSpec().getInvalidArgs();
        -:  834:
        1:  835:                if (m_matches.empty() && invalidArgs.empty()) {
        2:  836:                    for (auto const& test : allTestCases)
        1:  837:                        if (!test.getTestCaseInfo().isHidden())
        2:  838:                            m_tests.emplace(&test);
        -:  839:                } else {
    #####:  840:                    for (auto const& match : m_matches)
        -:  841:                        m_tests.insert(match.tests.begin(), match.tests.end());
        -:  842:                }
        1:  843:            }
        -:  844:
        1:  845:            Totals execute() {
        1:  846:                auto const& invalidArgs = m_config->testSpec().getInvalidArgs();
        1:  847:                Totals totals;
        2:  848:                m_context.testGroupStarting(m_config->name(), 1, 1);
        2:  849:                for (auto const& testCase : m_tests) {
        1:  850:                    if (!m_context.aborting())
        2:  851:                        totals += m_context.runTest(*testCase);
        -:  852:                    else
    #####:  853:                        m_reporter->skipTest(testCase->getTestCaseInfo());
        -:  854:                }
        -:  855:
        1:  856:                for (auto const& match : m_matches) {
    #####:  857:                    if (match.tests.empty()) {
    #####:  858:                        m_reporter->noMatchingTestCases(match.name);
    #####:  859:                        totals.error = -1;
        -:  860:                    }
        -:  861:                }
        -:  862:
        1:  863:                if (!invalidArgs.empty()) {
    #####:  864:                    for (auto const& invalidArg: invalidArgs)
    #####:  865:                         m_reporter->reportInvalidArguments(invalidArg);
        -:  866:                }
        -:  867:
        2:  868:                m_context.testGroupEnded(m_config->name(), totals, 1, 1);
        1:  869:                return totals;
        -:  870:            }
        -:  871:
        -:  872:        private:
        -:  873:            using Tests = std::set<TestCaseHandle const*>;
        -:  874:
        -:  875:            IStreamingReporter* m_reporter;
        -:  876:            Config const* m_config;
        -:  877:            RunContext m_context;
        -:  878:            Tests m_tests;
        -:  879:            TestSpec::Matches m_matches;
        -:  880:        };
        -:  881:
    #####:  882:        void applyFilenamesAsTags() {
    #####:  883:            for (auto const& testInfo : getRegistryHub().getTestCaseRegistry().getAllInfos()) {
    #####:  884:                testInfo->addFilenameTag();
        -:  885:            }
    #####:  886:        }
        -:  887:
        -:  888:    } // anon namespace
        -:  889:
        3:  890:    Session::Session() {
        -:  891:        static bool alreadyInstantiated = false;
        1:  892:        if( alreadyInstantiated ) {
    #####:  893:            CATCH_TRY { CATCH_INTERNAL_ERROR( "Only one instance of Catch::Session can ever be used" ); }
    =====:  894:            CATCH_CATCH_ALL { getMutableRegistryHub().registerStartupException(); }
        -:  895:        }
        -:  896:
        -:  897:        // There cannot be exceptions at startup in no-exception mode.
        -:  898:#if !defined(CATCH_CONFIG_DISABLE_EXCEPTIONS)
        1:  899:        const auto& exceptions = getRegistryHub().getStartupExceptionRegistry().getExceptions();
        1:  900:        if ( !exceptions.empty() ) {
    #####:  901:            config();
    #####:  902:            getCurrentMutableContext().setConfig(m_config.get());
        -:  903:
    #####:  904:            m_startupExceptions = true;
        -:  905:            Colour colourGuard( Colour::Red );
        -:  906:            Catch::cerr() << "Errors occurred during startup!" << '\n';
        -:  907:            // iterate over all exceptions and notify user
    #####:  908:            for ( const auto& ex_ptr : exceptions ) {
        -:  909:                try {
    #####:  910:                    std::rethrow_exception(ex_ptr);
    =====:  911:                } catch ( std::exception const& ex ) {
    =====:  912:                    Catch::cerr() << TextFlow::Column( ex.what() ).indent(2) << '\n';
        -:  913:                }
        -:  914:            }
        -:  915:        }
        -:  916:#endif
        -:  917:
        1:  918:        alreadyInstantiated = true;
        1:  919:        m_cli = makeCommandLineParser( m_configData );
        1:  920:    }
        2:  921:    Session::~Session() {
        1:  922:        Catch::cleanUp();
        1:  923:    }
        -:  924:
    #####:  925:    void Session::showHelp() const {
        -:  926:        Catch::cout()
    #####:  927:                << "\nCatch v" << libraryVersion() << "\n"
    #####:  928:                << m_cli << std::endl
        -:  929:                << "For more detailed usage please see the project docs\n" << std::endl;
    #####:  930:    }
    #####:  931:    void Session::libIdentify() {
        -:  932:        Catch::cout()
        -:  933:                << std::left << std::setw(16) << "description: " << "A Catch2 test executable\n"
        -:  934:                << std::left << std::setw(16) << "category: " << "testframework\n"
        -:  935:                << std::left << std::setw(16) << "framework: " << "Catch Test\n"
    #####:  936:                << std::left << std::setw(16) << "version: " << libraryVersion() << std::endl;
    #####:  937:    }
        -:  938:
        1:  939:    int Session::applyCommandLine( int argc, char const * const * argv ) {
        1:  940:        if( m_startupExceptions )
        -:  941:            return 1;
        -:  942:
        2:  943:        auto result = m_cli.parse( Clara::Args( argc, argv ) );
        1:  944:        if( !result ) {
    #####:  945:            config();
    #####:  946:            getCurrentMutableContext().setConfig(m_config.get());
        -:  947:            Catch::cerr()
        -:  948:                << Colour( Colour::Red )
        -:  949:                << "\nError(s) in input:\n"
    #####:  950:                << TextFlow::Column( result.errorMessage() ).indent( 2 )
    #####:  951:                << "\n\n";
        -:  952:            Catch::cerr() << "Run with -? for usage\n" << std::endl;
        -:  953:            return MaxExitCode;
        -:  954:        }
        -:  955:
        1:  956:        if( m_configData.showHelp )
    #####:  957:            showHelp();
        1:  958:        if( m_configData.libIdentify )
    #####:  959:            libIdentify();
        -:  960:        m_config.reset();
        1:  961:        return 0;
        -:  962:    }
        -:  963:
        -:  964:#if defined(CATCH_CONFIG_WCHAR) && defined(_WIN32) && defined(UNICODE)
        -:  965:    int Session::applyCommandLine( int argc, wchar_t const * const * argv ) {
        -:  966:
        -:  967:        char **utf8Argv = new char *[ argc ];
        -:  968:
        -:  969:        for ( int i = 0; i < argc; ++i ) {
        -:  970:            int bufSize = WideCharToMultiByte( CP_UTF8, 0, argv[i], -1, nullptr, 0, nullptr, nullptr );
        -:  971:
        -:  972:            utf8Argv[ i ] = new char[ bufSize ];
        -:  973:
        -:  974:            WideCharToMultiByte( CP_UTF8, 0, argv[i], -1, utf8Argv[i], bufSize, nullptr, nullptr );
        -:  975:        }
        -:  976:
        -:  977:        int returnCode = applyCommandLine( argc, utf8Argv );
        -:  978:
        -:  979:        for ( int i = 0; i < argc; ++i )
        -:  980:            delete [] utf8Argv[ i ];
        -:  981:
        -:  982:        delete [] utf8Argv;
        -:  983:
        -:  984:        return returnCode;
        -:  985:    }
        -:  986:#endif
        -:  987:
    #####:  988:    void Session::useConfigData( ConfigData const& configData ) {
    #####:  989:        m_configData = configData;
        -:  990:        m_config.reset();
    #####:  991:    }
        -:  992:
        1:  993:    int Session::run() {
        1:  994:        if( ( m_configData.waitForKeypress & WaitForKeypress::BeforeStart ) != 0 ) {
        -:  995:            Catch::cout() << "...waiting for enter/ return before starting" << std::endl;
        -:  996:            static_cast<void>(std::getchar());
        -:  997:        }
        1:  998:        int exitCode = runInternal();
        1:  999:        if( ( m_configData.waitForKeypress & WaitForKeypress::BeforeExit ) != 0 ) {
    #####: 1000:            Catch::cout() << "...waiting for enter/ return before exiting, with code: " << exitCode << std::endl;
        -: 1001:            static_cast<void>(std::getchar());
        -: 1002:        }
        1: 1003:        return exitCode;
        -: 1004:    }
        -: 1005:
    #####: 1006:    Clara::Parser const& Session::cli() const {
    #####: 1007:        return m_cli;
        -: 1008:    }
    #####: 1009:    void Session::cli( Clara::Parser const& newParser ) {
    #####: 1010:        m_cli = newParser;
    #####: 1011:    }
    #####: 1012:    ConfigData& Session::configData() {
    #####: 1013:        return m_configData;
        -: 1014:    }
        1: 1015:    Config& Session::config() {
        1: 1016:        if( !m_config )
        2: 1017:            m_config = Detail::make_unique<Config>( m_configData );
        1: 1018:        return *m_config;
        -: 1019:    }
        -: 1020:
        1: 1021:    int Session::runInternal() {
        1: 1022:        if( m_startupExceptions )
        -: 1023:            return 1;
        -: 1024:
        1: 1025:        if (m_configData.showHelp || m_configData.libIdentify) {
        -: 1026:            return 0;
        -: 1027:        }
        -: 1028:
        -: 1029:        CATCH_TRY {
        1: 1030:            config(); // Force config to be constructed
        -: 1031:
        1: 1032:            seedRng( *m_config );
        -: 1033:
        1: 1034:            if (m_configData.filenamesAsTags) {
    #####: 1035:                applyFilenamesAsTags();
        -: 1036:            }
        -: 1037:
        -: 1038:            // Set up global config instance before we start calling into other functions
        2: 1039:            getCurrentMutableContext().setConfig(m_config.get());
        -: 1040:
        -: 1041:            // Create reporter(s) so we can route listings through them
        1: 1042:            auto reporter = makeReporter(m_config.get());
        -: 1043:
        -: 1044:            // Handle list request
        1: 1045:            if (list(*reporter, *m_config)) {
        -: 1046:                return 0;
        -: 1047:            }
        -: 1048:
        2: 1049:            TestGroup tests { std::move(reporter), m_config.get() };
        1: 1050:            auto const totals = tests.execute();
        -: 1051:
        1: 1052:            if( m_config->warnAboutNoTests() && totals.error == -1 )
        -: 1053:                return 2;
        -: 1054:
        -: 1055:            // Note that on unices only the lower 8 bits are usually used, clamping
        -: 1056:            // the return value to 255 prevents false negative when some multiple
        -: 1057:            // of 256 tests has failed
        2: 1058:            return (std::min) (MaxExitCode, (std::max) (totals.error, static_cast<int>(totals.assertions.failed)));
        -: 1059:        }
        -: 1060:#if !defined(CATCH_CONFIG_DISABLE_EXCEPTIONS)
    =====: 1061:        catch( std::exception& ex ) {
    =====: 1062:            Catch::cerr() << ex.what() << std::endl;
        -: 1063:            return MaxExitCode;
        -: 1064:        }
        -: 1065:#endif
        -: 1066:    }
        -: 1067:
        -: 1068:} // end namespace Catch
        -: 1069:
        -: 1070:
        -: 1071:
        -: 1072:#include <cassert>
        -: 1073:#include <cctype>
        -: 1074:#include <algorithm>
        -: 1075:
        -: 1076:namespace Catch {
        -: 1077:
        -: 1078:    namespace {
        -: 1079:        using TCP_underlying_type = uint8_t;
        -: 1080:        static_assert(sizeof(TestCaseProperties) == sizeof(TCP_underlying_type),
        -: 1081:                      "The size of the TestCaseProperties is different from the assumed size");
        -: 1082:
        -: 1083:        TestCaseProperties operator|(TestCaseProperties lhs, TestCaseProperties rhs) {
        -: 1084:            return static_cast<TestCaseProperties>(
        -: 1085:                static_cast<TCP_underlying_type>(lhs) | static_cast<TCP_underlying_type>(rhs)
        -: 1086:            );
        -: 1087:        }
        -: 1088:
        -: 1089:        TestCaseProperties& operator|=(TestCaseProperties& lhs, TestCaseProperties rhs) {
        -: 1090:            lhs = static_cast<TestCaseProperties>(
        -: 1091:                static_cast<TCP_underlying_type>(lhs) | static_cast<TCP_underlying_type>(rhs)
        1: 1092:            );
        -: 1093:            return lhs;
        -: 1094:        }
        -: 1095:
        -: 1096:        TestCaseProperties operator&(TestCaseProperties lhs, TestCaseProperties rhs) {
        -: 1097:            return static_cast<TestCaseProperties>(
        -: 1098:                static_cast<TCP_underlying_type>(lhs) & static_cast<TCP_underlying_type>(rhs)
        3: 1099:            );
        -: 1100:        }
        -: 1101:
        -: 1102:        bool applies(TestCaseProperties tcp) {
        -: 1103:            static_assert(static_cast<TCP_underlying_type>(TestCaseProperties::None) == 0,
        -: 1104:                          "TestCaseProperties::None must be equal to 0");
    #####: 1105:            return tcp != TestCaseProperties::None;
        -: 1106:        }
        -: 1107:
        2: 1108:        TestCaseProperties parseSpecialTag( StringRef tag ) {
        4: 1109:            if( !tag.empty() && tag[0] == '.' )
        -: 1110:                return TestCaseProperties::IsHidden;
        2: 1111:            else if( tag == "!throws"_sr )
        -: 1112:                return TestCaseProperties::Throws;
        2: 1113:            else if( tag == "!shouldfail"_sr )
        -: 1114:                return TestCaseProperties::ShouldFail;
        2: 1115:            else if( tag == "!mayfail"_sr )
        -: 1116:                return TestCaseProperties::MayFail;
        2: 1117:            else if( tag == "!nonportable"_sr )
        -: 1118:                return TestCaseProperties::NonPortable;
        2: 1119:            else if( tag == "!benchmark"_sr )
        -: 1120:                return static_cast<TestCaseProperties>(TestCaseProperties::Benchmark | TestCaseProperties::IsHidden );
        -: 1121:            else
        2: 1122:                return TestCaseProperties::None;
        -: 1123:        }
        1: 1124:        bool isReservedTag( StringRef tag ) {
        1: 1125:            return parseSpecialTag( tag ) == TestCaseProperties::None
        1: 1126:                && tag.size() > 0
        2: 1127:                && !std::isalnum( static_cast<unsigned char>(tag[0]) );
        -: 1128:        }
        1: 1129:        void enforceNotReservedTag( StringRef tag, SourceLineInfo const& _lineInfo ) {
        1: 1130:            CATCH_ENFORCE( !isReservedTag(tag),
        -: 1131:                          "Tag name: [" << tag << "] is not allowed.\n"
        -: 1132:                          << "Tag names starting with non alphanumeric characters are reserved\n"
        -: 1133:                          << _lineInfo );
        1: 1134:        }
        -: 1135:
    #####: 1136:        std::string makeDefaultName() {
        -: 1137:            static size_t counter = 0;
    #####: 1138:            return "Anonymous test case " + std::to_string(++counter);
        -: 1139:        }
        -: 1140:
        1: 1141:        StringRef extractFilenamePart(StringRef filename) {
        -: 1142:            size_t lastDot = filename.size();
       11: 1143:            while (lastDot > 0 && filename[lastDot - 1] != '.') {
        3: 1144:                --lastDot;
        -: 1145:            }
        1: 1146:            --lastDot;
        -: 1147:
        -: 1148:            size_t nameStart = lastDot;
       17: 1149:            while (nameStart > 0 && filename[nameStart - 1] != '/' && filename[nameStart - 1] != '\\') {
        4: 1150:                --nameStart;
        -: 1151:            }
        -: 1152:
        2: 1153:            return filename.substr(nameStart, lastDot - nameStart);
        -: 1154:        }
        -: 1155:
        -: 1156:        // Returns the upper bound on size of extra tags ([#file]+[.])
        -: 1157:        size_t sizeOfExtraTags(StringRef filepath) {
        -: 1158:            // [.] is 3, [#] is another 3
        -: 1159:            const size_t extras = 3 + 3;
        1: 1160:            return extractFilenamePart(filepath).size() + extras;
        -: 1161:        }
        -: 1162:    }
        -: 1163:
        -: 1164:    Detail::unique_ptr<TestCaseInfo>
        1: 1165:        makeTestCaseInfo(std::string const& _className,
        -: 1166:                         NameAndTags const& nameAndTags,
        -: 1167:                         SourceLineInfo const& _lineInfo ) {
        2: 1168:        return Detail::unique_ptr<TestCaseInfo>(new TestCaseInfo(_className, nameAndTags, _lineInfo));
        -: 1169:    }
        -: 1170:
        1: 1171:    TestCaseInfo::TestCaseInfo(std::string const& _className,
        -: 1172:                               NameAndTags const& _nameAndTags,
        -: 1173:                               SourceLineInfo const& _lineInfo):
        1: 1174:        name( _nameAndTags.name.empty() ? makeDefaultName() : _nameAndTags.name ),
        -: 1175:        className( _className ),
        5: 1176:        lineInfo( _lineInfo )
        -: 1177:    {
        1: 1178:        StringRef originalTags = _nameAndTags.tags;
        -: 1179:        // We need to reserve enough space to store all of the tags
        -: 1180:        // (including optional hidden tag and filename tag)
        2: 1181:        auto requiredSize = originalTags.size() + sizeOfExtraTags(_lineInfo.file);
        1: 1182:        backingTags.reserve(requiredSize);
        1: 1183:        backingLCaseTags.reserve(requiredSize);
        -: 1184:
        -: 1185:        // We cannot copy the tags directly, as we need to normalize
        -: 1186:        // some tags, so that [.foo] is copied as [.][foo].
        -: 1187:        size_t tagStart = 0;
        -: 1188:        size_t tagEnd = 0;
        -: 1189:        bool inTag = false;
       23: 1190:        for (size_t idx = 0; idx < originalTags.size(); ++idx) {
        -: 1191:            auto c = originalTags[idx];
       11: 1192:            if (c == '[') {
        1: 1193:                assert(!inTag);
        -: 1194:                inTag = true;
        -: 1195:                tagStart = idx;
        -: 1196:            }
       11: 1197:            if (c == ']') {
        1: 1198:                assert(inTag);
        -: 1199:                inTag = false;
        -: 1200:                tagEnd = idx;
        1: 1201:                assert(tagStart < tagEnd);
        -: 1202:
        -: 1203:                // We need to check the tag for special meanings, copy
        -: 1204:                // it over to backing storage and actually reference the
        -: 1205:                // backing storage in the saved tags
        1: 1206:                StringRef tagStr = originalTags.substr(tagStart+1, tagEnd - tagStart - 1);
        1: 1207:                enforceNotReservedTag(tagStr, lineInfo);
        1: 1208:                properties |= parseSpecialTag(tagStr);
        -: 1209:                // When copying a tag to the backing storage, we need to
        -: 1210:                // check if it is a merged hide tag, such as [.foo], and
        -: 1211:                // if it is, we need to handle it as if it was [foo].
        2: 1212:                if (tagStr.size() > 1 && tagStr[0] == '.') {
    #####: 1213:                    tagStr = tagStr.substr(1, tagStr.size() - 1);
        -: 1214:                }
        -: 1215:                // We skip over dealing with the [.] tag, as we will add
        -: 1216:                // it later unconditionally and then sort and unique all
        -: 1217:                // the tags.
        1: 1218:                internalAppendTag(tagStr);
        -: 1219:            }
        -: 1220:            (void)inTag; // Silence "set-but-unused" warning in release mode.
        -: 1221:        }
        -: 1222:        // Add [.] if relevant
        1: 1223:        if (isHidden()) {
    #####: 1224:            internalAppendTag("."_sr);
        -: 1225:        }
        -: 1226:
        -: 1227:        // Sort and prepare tags
        1: 1228:        toLowerInPlace(backingLCaseTags);
    #####: 1229:        std::sort(begin(tags), end(tags), [](Tag lhs, Tag rhs) { return lhs.lowerCased < rhs.lowerCased; });
        1: 1230:        tags.erase(std::unique(begin(tags), end(tags), [](Tag lhs, Tag rhs) {return lhs.lowerCased == rhs.lowerCased; }),
        2: 1231:                   end(tags));
        1: 1232:    }
        -: 1233:
    #####: 1234:    bool TestCaseInfo::isHidden() const {
        2: 1235:        return applies( properties & TestCaseProperties::IsHidden );
        -: 1236:    }
    #####: 1237:    bool TestCaseInfo::throws() const {
    #####: 1238:        return applies( properties & TestCaseProperties::Throws );
        -: 1239:    }
    #####: 1240:    bool TestCaseInfo::okToFail() const {
    #####: 1241:        return applies( properties & (TestCaseProperties::ShouldFail | TestCaseProperties::MayFail ) );
        -: 1242:    }
    #####: 1243:    bool TestCaseInfo::expectedToFail() const {
        1: 1244:        return applies( properties & (TestCaseProperties::ShouldFail) );
        -: 1245:    }
        -: 1246:
    #####: 1247:    void TestCaseInfo::addFilenameTag() {
    #####: 1248:        std::string combined("#");
    #####: 1249:        combined += extractFilenamePart(lineInfo.file);
    #####: 1250:        internalAppendTag(combined);
    #####: 1251:    }
        -: 1252:
    #####: 1253:    std::string TestCaseInfo::tagsAsString() const {
        -: 1254:        std::string ret;
        -: 1255:        // '[' and ']' per tag
    #####: 1256:        std::size_t full_size = 2 * tags.size();
    #####: 1257:        for (const auto& tag : tags) {
    #####: 1258:            full_size += tag.original.size();
        -: 1259:        }
    #####: 1260:        ret.reserve(full_size);
    #####: 1261:        for (const auto& tag : tags) {
    #####: 1262:            ret.push_back('[');
        -: 1263:            ret += tag.original;
    #####: 1264:            ret.push_back(']');
        -: 1265:        }
        -: 1266:
    #####: 1267:        return ret;
        -: 1268:    }
        -: 1269:
        1: 1270:    void TestCaseInfo::internalAppendTag(StringRef tagStr) {
        1: 1271:        backingTags += '[';
        -: 1272:        const auto backingStart = backingTags.size();
        -: 1273:        backingTags += tagStr;
        -: 1274:        const auto backingEnd = backingTags.size();
        -: 1275:        backingTags += ']';
        1: 1276:        backingLCaseTags += '[';
        -: 1277:        // We append the tag to the lower-case backing storage as-is,
        -: 1278:        // because we will perform the lower casing later, in bulk
        -: 1279:        backingLCaseTags += tagStr;
        -: 1280:        backingLCaseTags += ']';
        4: 1281:        tags.emplace_back(StringRef(backingTags.c_str() + backingStart, backingEnd - backingStart),
        1: 1282:                          StringRef(backingLCaseTags.c_str() + backingStart, backingEnd - backingStart));
        1: 1283:    }
        -: 1284:
        -: 1285:
    #####: 1286:    bool TestCaseHandle::operator == ( TestCaseHandle const& rhs ) const {
    #####: 1287:        return m_invoker == rhs.m_invoker
    #####: 1288:            && m_info->name == rhs.m_info->name
    #####: 1289:            && m_info->className == rhs.m_info->className;
        -: 1290:    }
        -: 1291:
    #####: 1292:    bool TestCaseHandle::operator < ( TestCaseHandle const& rhs ) const {
    #####: 1293:        return m_info->name < rhs.m_info->name;
        -: 1294:    }
        -: 1295:
    #####: 1296:    TestCaseInfo const& TestCaseHandle::getTestCaseInfo() const {
        3: 1297:        return *m_info;
        -: 1298:    }
        -: 1299:
        -: 1300:} // end namespace Catch
        -: 1301:
        -: 1302:
        -: 1303:
        -: 1304:#include <algorithm>
        -: 1305:#include <string>
        -: 1306:#include <vector>
        -: 1307:
        -: 1308:namespace Catch {
        -: 1309:
    #####: 1310:    TestSpec::Pattern::Pattern( std::string const& name )
    #####: 1311:    : m_name( name )
    #####: 1312:    {}
        -: 1313:
        -: 1314:    TestSpec::Pattern::~Pattern() = default;
        -: 1315:
    #####: 1316:    std::string const& TestSpec::Pattern::name() const {
    #####: 1317:        return m_name;
        -: 1318:    }
        -: 1319:
        -: 1320:
    #####: 1321:    TestSpec::NamePattern::NamePattern( std::string const& name, std::string const& filterString )
        -: 1322:    : Pattern( filterString )
    #####: 1323:    , m_wildcardPattern( toLower( name ), CaseSensitive::No )
    #####: 1324:    {}
        -: 1325:
    #####: 1326:    bool TestSpec::NamePattern::matches( TestCaseInfo const& testCase ) const {
    #####: 1327:        return m_wildcardPattern.matches( testCase.name );
        -: 1328:    }
        -: 1329:
        -: 1330:
    #####: 1331:    TestSpec::TagPattern::TagPattern( std::string const& tag, std::string const& filterString )
        -: 1332:    : Pattern( filterString )
    #####: 1333:    , m_tag( toLower( tag ) )
    #####: 1334:    {}
        -: 1335:
    #####: 1336:    bool TestSpec::TagPattern::matches( TestCaseInfo const& testCase ) const {
    #####: 1337:        return std::find_if(begin(testCase.tags),
        -: 1338:                            end(testCase.tags),
    #####: 1339:                            [&](Tag const& tag) {
    #####: 1340:                                return tag.lowerCased == m_tag;
    #####: 1341:                            }) != end(testCase.tags);
        -: 1342:    }
        -: 1343:
    #####: 1344:    bool TestSpec::Filter::matches( TestCaseInfo const& testCase ) const {
    #####: 1345:        bool should_use = !testCase.isHidden();
    #####: 1346:        for (auto const& pattern : m_required) {
        -: 1347:            should_use = true;
    #####: 1348:            if (!pattern->matches(testCase)) {
        -: 1349:                return false;
        -: 1350:            }
        -: 1351:        }
    #####: 1352:        for (auto const& pattern : m_forbidden) {
    #####: 1353:            if (pattern->matches(testCase)) {
        -: 1354:                return false;
        -: 1355:            }
        -: 1356:        }
        -: 1357:        return should_use;
        -: 1358:    }
        -: 1359:
    #####: 1360:    std::string TestSpec::Filter::name() const {
        -: 1361:        std::string name;
    #####: 1362:        for (auto const& p : m_required) {
        -: 1363:            name += p->name();
        -: 1364:        }
    #####: 1365:        for (auto const& p : m_forbidden) {
        -: 1366:            name += p->name();
        -: 1367:        }
    #####: 1368:        return name;
        -: 1369:    }
        -: 1370:
        -: 1371:
    #####: 1372:    bool TestSpec::hasFilters() const {
    #####: 1373:        return !m_filters.empty();
        -: 1374:    }
        -: 1375:
    #####: 1376:    bool TestSpec::matches( TestCaseInfo const& testCase ) const {
    #####: 1377:        return std::any_of( m_filters.begin(), m_filters.end(), [&]( Filter const& f ){ return f.matches( testCase ); } );
        -: 1378:    }
        -: 1379:
        1: 1380:    TestSpec::Matches TestSpec::matchesByFilter( std::vector<TestCaseHandle> const& testCases, IConfig const& config ) const
        -: 1381:    {
        1: 1382:        Matches matches( m_filters.size() );
    #####: 1383:        std::transform( m_filters.begin(), m_filters.end(), matches.begin(), [&]( Filter const& filter ){
        -: 1384:            std::vector<TestCaseHandle const*> currentMatches;
    #####: 1385:            for( auto const& test : testCases )
    #####: 1386:                if( isThrowSafe( test, config ) && filter.matches( test.getTestCaseInfo() ) )
    #####: 1387:                    currentMatches.emplace_back( &test );
    #####: 1388:            return FilterMatch{ filter.name(), currentMatches };
        2: 1389:        } );
        1: 1390:        return matches;
        -: 1391:    }
        -: 1392:
    #####: 1393:    const TestSpec::vectorStrings& TestSpec::getInvalidArgs() const{
    #####: 1394:        return  (m_invalidArgs);
        -: 1395:    }
        -: 1396:
        -: 1397:}
        -: 1398:
        -: 1399:
        -: 1400:
        -: 1401:#include <chrono>
        -: 1402:
        -: 1403:static const uint64_t nanosecondsInSecond = 1000000000;
        -: 1404:
        -: 1405:namespace Catch {
        -: 1406:
    #####: 1407:    auto getCurrentNanosecondsSinceEpoch() -> uint64_t {
        4: 1408:        return std::chrono::duration_cast<std::chrono::nanoseconds>( std::chrono::high_resolution_clock::now().time_since_epoch() ).count();
        -: 1409:    }
        -: 1410:
        -: 1411:    namespace {
    #####: 1412:        auto estimateClockResolution() -> uint64_t {
        -: 1413:            uint64_t sum = 0;
        -: 1414:            static const uint64_t iterations = 1000000;
        -: 1415:
        -: 1416:            auto startTime = getCurrentNanosecondsSinceEpoch();
        -: 1417:
    #####: 1418:            for( std::size_t i = 0; i < iterations; ++i ) {
        -: 1419:
        -: 1420:                uint64_t ticks;
        -: 1421:                uint64_t baseTicks = getCurrentNanosecondsSinceEpoch();
        -: 1422:                do {
        -: 1423:                    ticks = getCurrentNanosecondsSinceEpoch();
    #####: 1424:                } while( ticks == baseTicks );
        -: 1425:
    #####: 1426:                auto delta = ticks - baseTicks;
    #####: 1427:                sum += delta;
        -: 1428:
        -: 1429:                // If we have been calibrating for over 3 seconds -- the clock
        -: 1430:                // is terrible and we should move on.
        -: 1431:                // TBD: How to signal that the measured resolution is probably wrong?
    #####: 1432:                if (ticks > startTime + 3 * nanosecondsInSecond) {
    #####: 1433:                    return sum / ( i + 1u );
        -: 1434:                }
        -: 1435:            }
        -: 1436:
        -: 1437:            // We're just taking the mean, here. To do better we could take the std. dev and exclude outliers
        -: 1438:            // - and potentially do more iterations if there's a high variance.
    #####: 1439:            return sum/iterations;
        -: 1440:        }
        -: 1441:    }
    #####: 1442:    auto getEstimatedClockResolution() -> uint64_t {
    #####: 1443:        static auto s_resolution = estimateClockResolution();
    #####: 1444:        return s_resolution;
        -: 1445:    }
        -: 1446:
    #####: 1447:    void Timer::start() {
    #####: 1448:       m_nanoseconds = getCurrentNanosecondsSinceEpoch();
    #####: 1449:    }
    #####: 1450:    auto Timer::getElapsedNanoseconds() const -> uint64_t {
        1: 1451:        return getCurrentNanosecondsSinceEpoch() - m_nanoseconds;
        -: 1452:    }
    #####: 1453:    auto Timer::getElapsedMicroseconds() const -> uint64_t {
        1: 1454:        return getElapsedNanoseconds()/1000;
        -: 1455:    }
    #####: 1456:    auto Timer::getElapsedMilliseconds() const -> unsigned int {
    #####: 1457:        return static_cast<unsigned int>(getElapsedMicroseconds()/1000);
        -: 1458:    }
    #####: 1459:    auto Timer::getElapsedSeconds() const -> double {
        1: 1460:        return getElapsedMicroseconds()/1000000.0;
        -: 1461:    }
        -: 1462:
        -: 1463:
        -: 1464:} // namespace Catch
        -: 1465:
        -: 1466:
        -: 1467:#if defined(__clang__)
        -: 1468:#    pragma clang diagnostic push
        -: 1469:#    pragma clang diagnostic ignored "-Wexit-time-destructors"
        -: 1470:#    pragma clang diagnostic ignored "-Wglobal-constructors"
        -: 1471:#endif
        -: 1472:
        -: 1473:
        -: 1474:
        -: 1475:#include <cmath>
        -: 1476:#include <iomanip>
        -: 1477:
        -: 1478:namespace Catch {
        -: 1479:
        -: 1480:namespace Detail {
        -: 1481:
        1: 1482:    const std::string unprintableString = "{?}";
        -: 1483:
        -: 1484:    namespace {
        -: 1485:        const int hexThreshold = 255;
        -: 1486:
        -: 1487:        struct Endianness {
        -: 1488:            enum Arch { Big, Little };
        -: 1489:
        -: 1490:            static Arch which() {
        -: 1491:                int one = 1;
        -: 1492:                // If the lowest byte we read is non-zero, we can assume
        -: 1493:                // that little endian format is used.
        -: 1494:                auto value = *reinterpret_cast<char*>(&one);
        -: 1495:                return value ? Little : Big;
        -: 1496:            }
        -: 1497:        };
        -: 1498:
        -: 1499:        template<typename T>
    #####: 1500:        std::string fpToString(T value, int precision) {
    #####: 1501:            if (Catch::isnan(value)) {
    #####: 1502:                return "nan";
        -: 1503:            }
        -: 1504:
    #####: 1505:            ReusableStringStream rss;
        -: 1506:            rss << std::setprecision(precision)
        -: 1507:                << std::fixed
        -: 1508:                << value;
        -: 1509:            std::string d = rss.str();
    #####: 1510:            std::size_t i = d.find_last_not_of('0');
    #####: 1511:            if (i != std::string::npos && i != d.size() - 1) {
    #####: 1512:                if (d[i] == '.')
    #####: 1513:                    i++;
    #####: 1514:                d = d.substr(0, i + 1);
        -: 1515:            }
        -: 1516:            return d;
        -: 1517:        }
        -: 1518:    } // end unnamed namespace
        -: 1519:
    #####: 1520:    std::string rawMemoryToString( const void *object, std::size_t size ) {
        -: 1521:        // Reverse order for little endian architectures
    #####: 1522:        int i = 0, end = static_cast<int>( size ), inc = 1;
        -: 1523:        if( Endianness::which() == Endianness::Little ) {
    #####: 1524:            i = end-1;
        -: 1525:            end = inc = -1;
        -: 1526:        }
        -: 1527:
        -: 1528:        unsigned char const *bytes = static_cast<unsigned char const *>(object);
    #####: 1529:        ReusableStringStream rss;
[...]
        -: 9097:                itEnd = m_sectionStack.end();
    #####: 9098:            for (; it != itEnd; ++it)
    #####: 9099:                printHeaderString(os, it->name);
        -: 9100:            os << lineOfChars('-') << '\n';
        -: 9101:        }
        -: 9102:
    #####: 9103:        SourceLineInfo lineInfo = m_sectionStack.front().lineInfo;
        -: 9104:
    #####: 9105:        os << lineInfo << '\n';
    #####: 9106:        os << lineOfChars('.') << "\n\n";
    #####: 9107:    }
        -: 9108:
        -: 9109:} // end namespace Catch
        -: 9110:
        -: 9111:
        -: 9112:
        -: 9113:
        -: 9114:#if defined(_MSC_VER)
        -: 9115:#pragma warning(push)
        -: 9116:#pragma warning(disable:4061) // Not all labels are EXPLICITLY handled in switch
        -: 9117:                              // Note that 4062 (not all labels are handled
        -: 9118:                              // and default is missing) is enabled
        -: 9119:#endif
        -: 9120:
        -: 9121:namespace Catch {
    #####: 9122:    XmlReporter::XmlReporter( ReporterConfig const& _config )
        -: 9123:    :   StreamingReporterBase( _config ),
    #####: 9124:        m_xml(_config.stream())
        -: 9125:    {
    #####: 9126:        m_preferences.shouldRedirectStdOut = true;
    #####: 9127:        m_preferences.shouldReportAllAssertions = true;
    #####: 9128:    }
        -: 9129:
        -: 9130:    XmlReporter::~XmlReporter() = default;
        -: 9131:
    #####: 9132:    std::string XmlReporter::getDescription() {
    #####: 9133:        return "Reports test results as an XML document";
        -: 9134:    }
        -: 9135:
    #####: 9136:    std::string XmlReporter::getStylesheetRef() const {
    #####: 9137:        return std::string();
        -: 9138:    }
        -: 9139:
    #####: 9140:    void XmlReporter::writeSourceInfo( SourceLineInfo const& sourceInfo ) {
        -: 9141:        m_xml
    #####: 9142:            .writeAttribute( "filename", sourceInfo.file )
    #####: 9143:            .writeAttribute( "line", sourceInfo.line );
    #####: 9144:    }
        -: 9145:
    #####: 9146:    void XmlReporter::noMatchingTestCases( std::string const& s ) {
        -: 9147:        StreamingReporterBase::noMatchingTestCases( s );
    #####: 9148:    }
        -: 9149:
    #####: 9150:    void XmlReporter::testRunStarting( TestRunInfo const& testInfo ) {
        -: 9151:        StreamingReporterBase::testRunStarting( testInfo );
    #####: 9152:        std::string stylesheetRef = getStylesheetRef();
    #####: 9153:        if( !stylesheetRef.empty() )
    #####: 9154:            m_xml.writeStylesheetRef( stylesheetRef );
    #####: 9155:        m_xml.startElement( "Catch" );
    #####: 9156:        if( !m_config->name().empty() )
    #####: 9157:            m_xml.writeAttribute( "name", m_config->name() );
    #####: 9158:        if (m_config->testSpec().hasFilters())
    #####: 9159:            m_xml.writeAttribute( "filters", serializeFilters( m_config->getTestsOrTags() ) );
    #####: 9160:        if( m_config->rngSeed() != 0 )
    #####: 9161:            m_xml.scopedElement( "Randomness" )
    #####: 9162:                .writeAttribute( "seed", m_config->rngSeed() );
    #####: 9163:    }
        -: 9164:
    #####: 9165:    void XmlReporter::testGroupStarting( GroupInfo const& groupInfo ) {
        -: 9166:        StreamingReporterBase::testGroupStarting( groupInfo );
    #####: 9167:        m_xml.startElement( "Group" )
    #####: 9168:            .writeAttribute( "name", groupInfo.name );
    #####: 9169:    }
        -: 9170:
    #####: 9171:    void XmlReporter::testCaseStarting( TestCaseInfo const& testInfo ) {
        -: 9172:        StreamingReporterBase::testCaseStarting(testInfo);
    #####: 9173:        m_xml.startElement( "TestCase" )
    #####: 9174:            .writeAttribute( "name", trim( testInfo.name ) )
    #####: 9175:            .writeAttribute( "tags", testInfo.tagsAsString() );
        -: 9176:
    #####: 9177:        writeSourceInfo( testInfo.lineInfo );
        -: 9178:
    #####: 9179:        if ( m_config->showDurations() == ShowDurations::Always )
        -: 9180:            m_testCaseTimer.start();
    #####: 9181:        m_xml.ensureTagClosed();
    #####: 9182:    }
        -: 9183:
    #####: 9184:    void XmlReporter::sectionStarting( SectionInfo const& sectionInfo ) {
        -: 9185:        StreamingReporterBase::sectionStarting( sectionInfo );
    #####: 9186:        if( m_sectionDepth++ > 0 ) {
    #####: 9187:            m_xml.startElement( "Section" )
    #####: 9188:                .writeAttribute( "name", trim( sectionInfo.name ) );
    #####: 9189:            writeSourceInfo( sectionInfo.lineInfo );
    #####: 9190:            m_xml.ensureTagClosed();
        -: 9191:        }
    #####: 9192:    }
        -: 9193:
    #####: 9194:    void XmlReporter::assertionStarting( AssertionInfo const& ) { }
        -: 9195:
    #####: 9196:    bool XmlReporter::assertionEnded( AssertionStats const& assertionStats ) {
        -: 9197:
    #####: 9198:        AssertionResult const& result = assertionStats.assertionResult;
        -: 9199:
    #####: 9200:        bool includeResults = m_config->includeSuccessfulResults() || !result.isOk();
        -: 9201:
    #####: 9202:        if( includeResults || result.getResultType() == ResultWas::Warning ) {
        -: 9203:            // Print any info messages in <Info> tags.
    #####: 9204:            for( auto const& msg : assertionStats.infoMessages ) {
    #####: 9205:                if( msg.type == ResultWas::Info && includeResults ) {
    #####: 9206:                    m_xml.scopedElement( "Info" )
    #####: 9207:                            .writeText( msg.message );
    #####: 9208:                } else if ( msg.type == ResultWas::Warning ) {
    #####: 9209:                    m_xml.scopedElement( "Warning" )
    #####: 9210:                            .writeText( msg.message );
        -: 9211:                }
        -: 9212:            }
        -: 9213:        }
        -: 9214:
        -: 9215:        // Drop out if result was successful but we're not printing them.
    #####: 9216:        if( !includeResults && result.getResultType() != ResultWas::Warning )
        -: 9217:            return true;
        -: 9218:
        -: 9219:
        -: 9220:        // Print the expression if there is one.
    #####: 9221:        if( result.hasExpression() ) {
    #####: 9222:            m_xml.startElement( "Expression" )
    #####: 9223:                .writeAttribute( "success", result.succeeded() )
    #####: 9224:                .writeAttribute( "type", result.getTestMacroName() );
        -: 9225:
    #####: 9226:            writeSourceInfo( result.getSourceInfo() );
        -: 9227:
    #####: 9228:            m_xml.scopedElement( "Original" )
    #####: 9229:                .writeText( result.getExpression() );
    #####: 9230:            m_xml.scopedElement( "Expanded" )
    #####: 9231:                .writeText( result.getExpandedExpression() );
        -: 9232:        }
        -: 9233:
        -: 9234:        // And... Print a result applicable to each result type.
    #####: 9235:        switch( result.getResultType() ) {
        -: 9236:            case ResultWas::ThrewException:
    #####: 9237:                m_xml.startElement( "Exception" );
    #####: 9238:                writeSourceInfo( result.getSourceInfo() );
    #####: 9239:                m_xml.writeText( result.getMessage() );
    #####: 9240:                m_xml.endElement();
    #####: 9241:                break;
        -: 9242:            case ResultWas::FatalErrorCondition:
    #####: 9243:                m_xml.startElement( "FatalErrorCondition" );
    #####: 9244:                writeSourceInfo( result.getSourceInfo() );
    #####: 9245:                m_xml.writeText( result.getMessage() );
    #####: 9246:                m_xml.endElement();
    #####: 9247:                break;
        -: 9248:            case ResultWas::Info:
    #####: 9249:                m_xml.scopedElement( "Info" )
    #####: 9250:                    .writeText( result.getMessage() );
    #####: 9251:                break;
        -: 9252:            case ResultWas::Warning:
        -: 9253:                // Warning will already have been written
        -: 9254:                break;
        -: 9255:            case ResultWas::ExplicitFailure:
    #####: 9256:                m_xml.startElement( "Failure" );
    #####: 9257:                writeSourceInfo( result.getSourceInfo() );
    #####: 9258:                m_xml.writeText( result.getMessage() );
    #####: 9259:                m_xml.endElement();
    #####: 9260:                break;
        -: 9261:            default:
        -: 9262:                break;
        -: 9263:        }
        -: 9264:
    #####: 9265:        if( result.hasExpression() )
    #####: 9266:            m_xml.endElement();
        -: 9267:
        -: 9268:        return true;
        -: 9269:    }
        -: 9270:
    #####: 9271:    void XmlReporter::sectionEnded( SectionStats const& sectionStats ) {
        -: 9272:        StreamingReporterBase::sectionEnded( sectionStats );
    #####: 9273:        if( --m_sectionDepth > 0 ) {
    #####: 9274:            XmlWriter::ScopedElement e = m_xml.scopedElement( "OverallResults" );
    #####: 9275:            e.writeAttribute( "successes", sectionStats.assertions.passed );
    #####: 9276:            e.writeAttribute( "failures", sectionStats.assertions.failed );
    #####: 9277:            e.writeAttribute( "expectedFailures", sectionStats.assertions.failedButOk );
        -: 9278:
    #####: 9279:            if ( m_config->showDurations() == ShowDurations::Always )
    #####: 9280:                e.writeAttribute( "durationInSeconds", sectionStats.durationInSeconds );
        -: 9281:
    #####: 9282:            m_xml.endElement();
        -: 9283:        }
    #####: 9284:    }
        -: 9285:
    #####: 9286:    void XmlReporter::testCaseEnded( TestCaseStats const& testCaseStats ) {
        -: 9287:        StreamingReporterBase::testCaseEnded( testCaseStats );
    #####: 9288:        XmlWriter::ScopedElement e = m_xml.scopedElement( "OverallResult" );
    #####: 9289:        e.writeAttribute( "success", testCaseStats.totals.assertions.allOk() );
        -: 9290:
    #####: 9291:        if ( m_config->showDurations() == ShowDurations::Always )
    #####: 9292:            e.writeAttribute( "durationInSeconds", m_testCaseTimer.getElapsedSeconds() );
        -: 9293:
    #####: 9294:        if( !testCaseStats.stdOut.empty() )
    #####: 9295:            m_xml.scopedElement( "StdOut" ).writeText( trim( testCaseStats.stdOut ), XmlFormatting::Newline );
    #####: 9296:        if( !testCaseStats.stdErr.empty() )
    #####: 9297:            m_xml.scopedElement( "StdErr" ).writeText( trim( testCaseStats.stdErr ), XmlFormatting::Newline );
        -: 9298:
    #####: 9299:        m_xml.endElement();
    #####: 9300:    }
        -: 9301:
    #####: 9302:    void XmlReporter::testGroupEnded( TestGroupStats const& testGroupStats ) {
        -: 9303:        StreamingReporterBase::testGroupEnded( testGroupStats );
        -: 9304:        // TODO: Check testGroupStats.aborting and act accordingly.
    #####: 9305:        m_xml.scopedElement( "OverallResults" )
    #####: 9306:            .writeAttribute( "successes", testGroupStats.totals.assertions.passed )
    #####: 9307:            .writeAttribute( "failures", testGroupStats.totals.assertions.failed )
    #####: 9308:            .writeAttribute( "expectedFailures", testGroupStats.totals.assertions.failedButOk );
    #####: 9309:        m_xml.scopedElement( "OverallResultsCases")
    #####: 9310:            .writeAttribute( "successes", testGroupStats.totals.testCases.passed )
    #####: 9311:            .writeAttribute( "failures", testGroupStats.totals.testCases.failed )
    #####: 9312:            .writeAttribute( "expectedFailures", testGroupStats.totals.testCases.failedButOk );
    #####: 9313:        m_xml.endElement();
    #####: 9314:    }
        -: 9315:
    #####: 9316:    void XmlReporter::testRunEnded( TestRunStats const& testRunStats ) {
    #####: 9317:        StreamingReporterBase::testRunEnded( testRunStats );
    #####: 9318:        m_xml.scopedElement( "OverallResults" )
    #####: 9319:            .writeAttribute( "successes", testRunStats.totals.assertions.passed )
    #####: 9320:            .writeAttribute( "failures", testRunStats.totals.assertions.failed )
    #####: 9321:            .writeAttribute( "expectedFailures", testRunStats.totals.assertions.failedButOk );
    #####: 9322:        m_xml.scopedElement( "OverallResultsCases")
    #####: 9323:            .writeAttribute( "successes", testRunStats.totals.testCases.passed )
    #####: 9324:            .writeAttribute( "failures", testRunStats.totals.testCases.failed )
    #####: 9325:            .writeAttribute( "expectedFailures", testRunStats.totals.testCases.failedButOk );
    #####: 9326:        m_xml.endElement();
    #####: 9327:    }
        -: 9328:
    #####: 9329:    void XmlReporter::benchmarkPreparing(std::string const& name) {
    #####: 9330:        m_xml.startElement("BenchmarkResults")
    #####: 9331:            .writeAttribute("name", name);
    #####: 9332:    }
        -: 9333:
    #####: 9334:    void XmlReporter::benchmarkStarting(BenchmarkInfo const &info) {
    #####: 9335:        m_xml.writeAttribute("samples", info.samples)
    #####: 9336:            .writeAttribute("resamples", info.resamples)
    #####: 9337:            .writeAttribute("iterations", info.iterations)
    #####: 9338:            .writeAttribute("clockResolution", info.clockResolution)
    #####: 9339:            .writeAttribute("estimatedDuration", info.estimatedDuration)
    #####: 9340:            .writeComment("All values in nano seconds");
    #####: 9341:    }
        -: 9342:
    #####: 9343:    void XmlReporter::benchmarkEnded(BenchmarkStats<> const& benchmarkStats) {
    #####: 9344:        m_xml.startElement("mean")
    #####: 9345:            .writeAttribute("value", benchmarkStats.mean.point.count())
    #####: 9346:            .writeAttribute("lowerBound", benchmarkStats.mean.lower_bound.count())
    #####: 9347:            .writeAttribute("upperBound", benchmarkStats.mean.upper_bound.count())
    #####: 9348:            .writeAttribute("ci", benchmarkStats.mean.confidence_interval);
    #####: 9349:        m_xml.endElement();
    #####: 9350:        m_xml.startElement("standardDeviation")
    #####: 9351:            .writeAttribute("value", benchmarkStats.standardDeviation.point.count())
    #####: 9352:            .writeAttribute("lowerBound", benchmarkStats.standardDeviation.lower_bound.count())
    #####: 9353:            .writeAttribute("upperBound", benchmarkStats.standardDeviation.upper_bound.count())
    #####: 9354:            .writeAttribute("ci", benchmarkStats.standardDeviation.confidence_interval);
    #####: 9355:        m_xml.endElement();
    #####: 9356:        m_xml.startElement("outliers")
    #####: 9357:            .writeAttribute("variance", benchmarkStats.outlierVariance)
    #####: 9358:            .writeAttribute("lowMild", benchmarkStats.outliers.low_mild)
    #####: 9359:            .writeAttribute("lowSevere", benchmarkStats.outliers.low_severe)
    #####: 9360:            .writeAttribute("highMild", benchmarkStats.outliers.high_mild)
    #####: 9361:            .writeAttribute("highSevere", benchmarkStats.outliers.high_severe);
    #####: 9362:        m_xml.endElement();
    #####: 9363:        m_xml.endElement();
    #####: 9364:    }
        -: 9365:
    #####: 9366:    void XmlReporter::benchmarkFailed(std::string const &error) {
    #####: 9367:        m_xml.scopedElement("failed").
    #####: 9368:            writeAttribute("message", error);
    #####: 9369:        m_xml.endElement();
    #####: 9370:    }
        -: 9371:
    #####: 9372:    void XmlReporter::listReporters(std::vector<ReporterDescription> const& descriptions, IConfig const&) {
    #####: 9373:        auto outerTag = m_xml.scopedElement("AvailableReporters");
    #####: 9374:        for (auto const& reporter : descriptions) {
    #####: 9375:            auto inner = m_xml.scopedElement("Reporter");
    #####: 9376:            m_xml.startElement("Name", XmlFormatting::Indent)
    #####: 9377:                 .writeText(reporter.name, XmlFormatting::None)
    #####: 9378:                 .endElement(XmlFormatting::Newline);
    #####: 9379:            m_xml.startElement("Description", XmlFormatting::Indent)
    #####: 9380:                 .writeText(reporter.description, XmlFormatting::None)
    #####: 9381:                 .endElement(XmlFormatting::Newline);
        -: 9382:        }
    #####: 9383:    }
        -: 9384:
    #####: 9385:    void XmlReporter::listTests(std::vector<TestCaseHandle> const& tests, IConfig const&) {
    #####: 9386:        auto outerTag = m_xml.scopedElement("MatchingTests");
    #####: 9387:        for (auto const& test : tests) {
    #####: 9388:            auto innerTag = m_xml.scopedElement("TestCase");
        -: 9389:            auto const& testInfo = test.getTestCaseInfo();
    #####: 9390:            m_xml.startElement("Name", XmlFormatting::Indent)
    #####: 9391:                 .writeText(testInfo.name, XmlFormatting::None)
    #####: 9392:                 .endElement(XmlFormatting::Newline);
    #####: 9393:            m_xml.startElement("ClassName", XmlFormatting::Indent)
    #####: 9394:                 .writeText(testInfo.className, XmlFormatting::None)
    #####: 9395:                 .endElement(XmlFormatting::Newline);
    #####: 9396:            m_xml.startElement("Tags", XmlFormatting::Indent)
    #####: 9397:                 .writeText(testInfo.tagsAsString(), XmlFormatting::None)
    #####: 9398:                 .endElement(XmlFormatting::Newline);
        -: 9399:
    #####: 9400:            auto sourceTag = m_xml.scopedElement("SourceInfo");
    #####: 9401:            m_xml.startElement("File", XmlFormatting::Indent)
    #####: 9402:                 .writeText(testInfo.lineInfo.file, XmlFormatting::None)
    #####: 9403:                 .endElement(XmlFormatting::Newline);
    #####: 9404:            m_xml.startElement("Line", XmlFormatting::Indent)
    #####: 9405:                 .writeText(std::to_string(testInfo.lineInfo.line), XmlFormatting::None)
    #####: 9406:                 .endElement(XmlFormatting::Newline);
        -: 9407:        }
    #####: 9408:    }
        -: 9409:
    #####: 9410:    void XmlReporter::listTags(std::vector<TagInfo> const& tags, IConfig const&) {
    #####: 9411:        auto outerTag = m_xml.scopedElement("TagsFromMatchingTests");
    #####: 9412:        for (auto const& tag : tags) {
    #####: 9413:            auto innerTag = m_xml.scopedElement("Tag");
    #####: 9414:            m_xml.startElement("Count", XmlFormatting::Indent)
    #####: 9415:                 .writeText(std::to_string(tag.count), XmlFormatting::None)
    #####: 9416:                 .endElement(XmlFormatting::Newline);
    #####: 9417:            auto aliasTag = m_xml.scopedElement("Aliases");
    #####: 9418:            for (auto const& alias : tag.spellings) {
    #####: 9419:                m_xml.startElement("Alias", XmlFormatting::Indent)
    #####: 9420:                     .writeText(static_cast<std::string>(alias), XmlFormatting::None)
    #####: 9421:                     .endElement(XmlFormatting::Newline);
        -: 9422:            }
        -: 9423:        }
    #####: 9424:    }
        -: 9425:
        -: 9426:} // end namespace Catch
        -: 9427:
        -: 9428:#if defined(_MSC_VER)
        -: 9429:#pragma warning(pop)
        -: 9430:#endif
