        -:    0:Source:catch_amalgamated.hpp
        -:    0:Graph:test.gcno
        -:    0:Data:test.gcda
        -:    0:Runs:1
        -:    0:Programs:1
        -:    1://              Copyright Catch2 Authors
        -:    2:// Distributed under the Boost Software License, Version 1.0.
        -:    3://   (See accompanying file LICENSE_1_0.txt or copy at
        -:    4://        https://www.boost.org/LICENSE_1_0.txt)
        -:    5:
        -:    6:// SPDX-License-Identifier: BSL-1.0
        -:    7:
        -:    8://  Catch v3.0.0-preview.3
        -:    9://  Generated: 2020-10-08 13:59:26.309308
        -:   10://  ----------------------------------------------------------
        -:   11://  This file is an amalgamation of multiple different files.
        -:   12://  You probably shouldn't edit it directly.
        -:   13://  ----------------------------------------------------------
        -:   14:#ifndef CATCH_AMALGAMATED_HPP_INCLUDED
        -:   15:#define CATCH_AMALGAMATED_HPP_INCLUDED
        -:   16:
        -:   17:
        -:   18:/** \file
        -:   19: * This is a convenience header for Catch2. It includes **all** of Catch2 headers.
        -:   20: *
        -:   21: * Generally the Catch2 users should use specific includes they need,
        -:   22: * but this header can be used instead for ease-of-experimentation, or
        -:   23: * just plain convenience, at the cost of (significantly) increased
        -:   24: * compilation times.
        -:   25: *
        -:   26: * When a new header is added to either the top level folder, or to the
        -:   27: * corresponding internal subfolder, it should be added here. Headers
        -:   28: * added to the various subparts (e.g. matchers, generators, etc...),
        -:   29: * should go their respective catch-all headers.
        -:   30: */
        -:   31:
        -:   32:#ifndef CATCH_ALL_HPP_INCLUDED
        -:   33:#define CATCH_ALL_HPP_INCLUDED
        -:   34:
        -:   35:
        -:   36:
        -:   37:/** \file
        -:   38: * This is a convenience header for Catch2's benchmarking. It includes
        -:   39: * **all** of Catch2 headers related to benchmarking.
        -:   40: *
        -:   41: * Generally the Catch2 users should use specific includes they need,
        -:   42: * but this header can be used instead for ease-of-experimentation, or
        -:   43: * just plain convenience, at the cost of (significantly) increased
        -:   44: * compilation times.
        -:   45: *
        -:   46: * When a new header is added to either the `benchmark` folder, or to
        -:   47: * the corresponding internal (detail) subfolder, it should be added here.
        -:   48: */
        -:   49:
        -:   50:#ifndef CATCH_BENCHMARK_ALL_HPP_INCLUDED
        -:   51:#define CATCH_BENCHMARK_ALL_HPP_INCLUDED
        -:   52:
        -:   53:
        -:   54:
        -:   55:// Adapted from donated nonius code.
        -:   56:
        -:   57:#ifndef CATCH_BENCHMARK_HPP_INCLUDED
        -:   58:#define CATCH_BENCHMARK_HPP_INCLUDED
        -:   59:
        -:   60:
        -:   61:
        -:   62:#ifndef CATCH_INTERFACES_CONFIG_HPP_INCLUDED
        -:   63:#define CATCH_INTERFACES_CONFIG_HPP_INCLUDED
        -:   64:
        -:   65:
        -:   66:
        -:   67:#ifndef CATCH_NONCOPYABLE_HPP_INCLUDED
        -:   68:#define CATCH_NONCOPYABLE_HPP_INCLUDED
        -:   69:
        -:   70:namespace Catch {
        -:   71:    namespace Detail {
        -:   72:
        -:   73:        //! Deriving classes become noncopyable and nonmovable
        -:   74:        class NonCopyable {
        -:   75:            NonCopyable( NonCopyable const& ) = delete;
        -:   76:            NonCopyable( NonCopyable&& ) = delete;
        -:   77:            NonCopyable& operator=( NonCopyable const& ) = delete;
        -:   78:            NonCopyable& operator=( NonCopyable&& ) = delete;
        -:   79:
        -:   80:        protected:
        -:   81:            NonCopyable() noexcept = default;
        -:   82:        };
        -:   83:
        -:   84:    } // namespace Detail
        -:   85:} // namespace Catch
        -:   86:
        -:   87:#endif // CATCH_NONCOPYABLE_HPP_INCLUDED
        -:   88:
        -:   89:#include <chrono>
        -:   90:#include <iosfwd>
        -:   91:#include <string>
        -:   92:#include <vector>
        -:   93:
        -:   94:namespace Catch {
        -:   95:
        -:   96:    enum class Verbosity {
        -:   97:        Quiet = 0,
        -:   98:        Normal,
        -:   99:        High
        -:  100:    };
        -:  101:
        -:  102:    struct WarnAbout { enum What {
        -:  103:        Nothing = 0x00,
        -:  104:        NoAssertions = 0x01,
        -:  105:        NoTests = 0x02
        -:  106:    }; };
        -:  107:
        -:  108:    enum class ShowDurations {
        -:  109:        DefaultForReporter,
        -:  110:        Always,
        -:  111:        Never
        -:  112:    };
        -:  113:    enum class TestRunOrder {
        -:  114:        Declared,
        -:  115:        LexicographicallySorted,
        -:  116:        Randomized
        -:  117:    };
        -:  118:    enum class UseColour {
        -:  119:        Auto,
        -:  120:        Yes,
        -:  121:        No
        -:  122:    };
        -:  123:    struct WaitForKeypress { enum When {
        -:  124:        Never,
        -:  125:        BeforeStart = 1,
        -:  126:        BeforeExit = 2,
        -:  127:        BeforeStartAndExit = BeforeStart | BeforeExit
        -:  128:    }; };
        -:  129:
        -:  130:    class TestSpec;
        -:  131:
        2:  132:    struct IConfig : Detail::NonCopyable {
        -:  133:
        -:  134:        virtual ~IConfig();
        -:  135:
        -:  136:        virtual bool allowThrows() const = 0;
        -:  137:        virtual std::ostream& stream() const = 0;
        -:  138:        virtual std::string name() const = 0;
        -:  139:        virtual bool includeSuccessfulResults() const = 0;
        -:  140:        virtual bool shouldDebugBreak() const = 0;
        -:  141:        virtual bool warnAboutMissingAssertions() const = 0;
        -:  142:        virtual bool warnAboutNoTests() const = 0;
        -:  143:        virtual int abortAfter() const = 0;
        -:  144:        virtual bool showInvisibles() const = 0;
        -:  145:        virtual ShowDurations showDurations() const = 0;
        -:  146:        virtual double minDuration() const = 0;
        -:  147:        virtual TestSpec const& testSpec() const = 0;
        -:  148:        virtual bool hasTestFilters() const = 0;
        -:  149:        virtual std::vector<std::string> const& getTestsOrTags() const = 0;
        -:  150:        virtual TestRunOrder runOrder() const = 0;
        -:  151:        virtual unsigned int rngSeed() const = 0;
        -:  152:        virtual UseColour useColour() const = 0;
        -:  153:        virtual std::vector<std::string> const& getSectionsToRun() const = 0;
        -:  154:        virtual Verbosity verbosity() const = 0;
        -:  155:
        -:  156:        virtual bool benchmarkNoAnalysis() const = 0;
        -:  157:        virtual int benchmarkSamples() const = 0;
        -:  158:        virtual double benchmarkConfidenceInterval() const = 0;
        -:  159:        virtual unsigned int benchmarkResamples() const = 0;
        -:  160:        virtual std::chrono::milliseconds benchmarkWarmupTime() const = 0;
        -:  161:    };
        -:  162:}
        -:  163:
        -:  164:#endif // CATCH_INTERFACES_CONFIG_HPP_INCLUDED
        -:  165:
        -:  166:
        -:  167:#ifndef CATCH_CONTEXT_HPP_INCLUDED
        -:  168:#define CATCH_CONTEXT_HPP_INCLUDED
        -:  169:
        -:  170:namespace Catch {
        -:  171:
        -:  172:    struct IResultCapture;
        -:  173:    struct IRunner;
        -:  174:    struct IConfig;
        -:  175:
        2:  176:    struct IContext
        -:  177:    {
        -:  178:        virtual ~IContext();
        -:  179:
        -:  180:        virtual IResultCapture* getResultCapture() = 0;
        -:  181:        virtual IRunner* getRunner() = 0;
        -:  182:        virtual IConfig const* getConfig() const = 0;
        -:  183:    };
        -:  184:
        3:  185:    struct IMutableContext : IContext
        -:  186:    {
        -:  187:        virtual ~IMutableContext();
        -:  188:        virtual void setResultCapture( IResultCapture* resultCapture ) = 0;
        -:  189:        virtual void setRunner( IRunner* runner ) = 0;
        -:  190:        virtual void setConfig( IConfig const* config ) = 0;
        -:  191:
        -:  192:    private:
        -:  193:        static IMutableContext *currentContext;
        -:  194:        friend IMutableContext& getCurrentMutableContext();
        -:  195:        friend void cleanUpContext();
        -:  196:        static void createContext();
        -:  197:    };
        -:  198:
        -:  199:    inline IMutableContext& getCurrentMutableContext()
        -:  200:    {
       15:  201:        if( !IMutableContext::currentContext )
        1:  202:            IMutableContext::createContext();
        -:  203:        // NOLINTNEXTLINE(clang-analyzer-core.uninitialized.UndefReturn)
       15:  204:        return *IMutableContext::currentContext;
        -:  205:    }
        -:  206:
        -:  207:    inline IContext& getCurrentContext()
        -:  208:    {
       13:  209:        return getCurrentMutableContext();
        -:  210:    }
        -:  211:
        -:  212:    void cleanUpContext();
        -:  213:
        -:  214:    class SimplePcg32;
        -:  215:    SimplePcg32& rng();
        -:  216:}
        -:  217:
        -:  218:#endif // CATCH_CONTEXT_HPP_INCLUDED
        -:  219:
        -:  220:
        -:  221:#ifndef CATCH_INTERFACES_REPORTER_HPP_INCLUDED
        -:  222:#define CATCH_INTERFACES_REPORTER_HPP_INCLUDED
        -:  223:
        -:  224:
        -:  225:
        -:  226:#ifndef CATCH_SECTION_INFO_HPP_INCLUDED
        -:  227:#define CATCH_SECTION_INFO_HPP_INCLUDED
        -:  228:
        -:  229:
        -:  230:
        -:  231:#ifndef CATCH_COMMON_HPP_INCLUDED
        -:  232:#define CATCH_COMMON_HPP_INCLUDED
        -:  233:
        -:  234:
        -:  235:
        -:  236:#ifndef CATCH_COMPILER_CAPABILITIES_HPP_INCLUDED
        -:  237:#define CATCH_COMPILER_CAPABILITIES_HPP_INCLUDED
        -:  238:
        -:  239:// Detect a number of compiler features - by compiler
        -:  240:// The following features are defined:
        -:  241://
        -:  242:// CATCH_CONFIG_COUNTER : is the __COUNTER__ macro supported?
        -:  243:// CATCH_CONFIG_WINDOWS_SEH : is Windows SEH supported?
        -:  244:// CATCH_CONFIG_POSIX_SIGNALS : are POSIX signals supported?
        -:  245:// CATCH_CONFIG_DISABLE_EXCEPTIONS : Are exceptions enabled?
        -:  246:// ****************
        -:  247:// Note to maintainers: if new toggles are added please document them
        -:  248:// in configuration.md, too
        -:  249:// ****************
        -:  250:
        -:  251:// In general each macro has a _NO_<feature name> form
        -:  252:// (e.g. CATCH_CONFIG_NO_POSIX_SIGNALS) which disables the feature.
        -:  253:// Many features, at point of detection, define an _INTERNAL_ macro, so they
        -:  254:// can be combined, en-mass, with the _NO_ forms later.
        -:  255:
        -:  256:
        -:  257:
        -:  258:#ifndef CATCH_PLATFORM_HPP_INCLUDED
        -:  259:#define CATCH_PLATFORM_HPP_INCLUDED
        -:  260:
        -:  261:#ifdef __APPLE__
        -:  262:# include <TargetConditionals.h>
        -:  263:# if TARGET_OS_OSX == 1
        -:  264:#  define CATCH_PLATFORM_MAC
        -:  265:# elif TARGET_OS_IPHONE == 1
        -:  266:#  define CATCH_PLATFORM_IPHONE
        -:  267:# endif
        -:  268:
        -:  269:#elif defined(linux) || defined(__linux) || defined(__linux__)
        -:  270:#  define CATCH_PLATFORM_LINUX
        -:  271:
        -:  272:#elif defined(WIN32) || defined(__WIN32__) || defined(_WIN32) || defined(_MSC_VER) || defined(__MINGW32__)
        -:  273:#  define CATCH_PLATFORM_WINDOWS
        -:  274:#endif
        -:  275:
        -:  276:#endif // CATCH_PLATFORM_HPP_INCLUDED
        -:  277:
        -:  278:#ifdef __cplusplus
        -:  279:
        -:  280:#  if (__cplusplus >= 201402L) || (defined(_MSVC_LANG) && _MSVC_LANG >= 201402L)
        -:  281:#    define CATCH_CPP14_OR_GREATER
        -:  282:#  endif
        -:  283:
        -:  284:#  if (__cplusplus >= 201703L) || (defined(_MSVC_LANG) && _MSVC_LANG >= 201703L)
        -:  285:#    define CATCH_CPP17_OR_GREATER
        -:  286:#  endif
        -:  287:
        -:  288:#endif
        -:  289:
        -:  290:// We have to avoid both ICC and Clang, because they try to mask themselves
        -:  291:// as gcc, and we want only GCC in this block
        -:  292:#if defined(__GNUC__) && !defined(__clang__) && !defined(__ICC) && !defined(__CUDACC__)
        -:  293:#    define CATCH_INTERNAL_START_WARNINGS_SUPPRESSION _Pragma( "GCC diagnostic push" )
        -:  294:#    define CATCH_INTERNAL_STOP_WARNINGS_SUPPRESSION  _Pragma( "GCC diagnostic pop" )
        -:  295:
        -:  296:// This only works on GCC 9+. so we have to also add a global suppression of Wparentheses
        -:  297:// for older versions of GCC.
        -:  298:#    define CATCH_INTERNAL_SUPPRESS_PARENTHESES_WARNINGS \
        -:  299:         _Pragma( "GCC diagnostic ignored \"-Wparentheses\"" )
        -:  300:
        -:  301:#    define CATCH_INTERNAL_SUPPRESS_UNUSED_VARIABLE_WARNINGS \
        -:  302:         _Pragma( "GCC diagnostic ignored \"-Wunused-variable\"" )
        -:  303:
        -:  304:#    define CATCH_INTERNAL_IGNORE_BUT_WARN(...) (void)__builtin_constant_p(__VA_ARGS__)
        -:  305:
        -:  306:#endif
        -:  307:
        -:  308:#if defined(__clang__)
        -:  309:
        -:  310:#    define CATCH_INTERNAL_START_WARNINGS_SUPPRESSION _Pragma( "clang diagnostic push" )
        -:  311:#    define CATCH_INTERNAL_STOP_WARNINGS_SUPPRESSION  _Pragma( "clang diagnostic pop" )
        -:  312:
        -:  313:// As of this writing, IBM XL's implementation of __builtin_constant_p has a bug
        -:  314:// which results in calls to destructors being emitted for each temporary,
        -:  315:// without a matching initialization. In practice, this can result in something
        -:  316:// like `std::string::~string` being called on an uninitialized value.
        -:  317://
        -:  318:// For example, this code will likely segfault under IBM XL:
        -:  319:// ```
        -:  320:// REQUIRE(std::string("12") + "34" == "1234")
        -:  321:// ```
        -:  322://
        -:  323:// Therefore, `CATCH_INTERNAL_IGNORE_BUT_WARN` is not implemented.
        -:  324:#  if !defined(__ibmxl__) && !defined(__CUDACC__)
        -:  325:#    define CATCH_INTERNAL_IGNORE_BUT_WARN(...) (void)__builtin_constant_p(__VA_ARGS__) /* NOLINT(cppcoreguidelines-pro-type-vararg, hicpp-vararg) */
        -:  326:#  endif
        -:  327:
        -:  328:
        -:  329:#    define CATCH_INTERNAL_SUPPRESS_GLOBALS_WARNINGS \
        -:  330:         _Pragma( "clang diagnostic ignored \"-Wexit-time-destructors\"" ) \
        -:  331:         _Pragma( "clang diagnostic ignored \"-Wglobal-constructors\"")
        -:  332:
        -:  333:#    define CATCH_INTERNAL_SUPPRESS_PARENTHESES_WARNINGS \
        -:  334:         _Pragma( "clang diagnostic ignored \"-Wparentheses\"" )
        -:  335:
        -:  336:#    define CATCH_INTERNAL_SUPPRESS_UNUSED_VARIABLE_WARNINGS \
        -:  337:         _Pragma( "clang diagnostic ignored \"-Wunused-variable\"" )
        -:  338:
        -:  339:#    define CATCH_INTERNAL_SUPPRESS_ZERO_VARIADIC_WARNINGS \
        -:  340:         _Pragma( "clang diagnostic ignored \"-Wgnu-zero-variadic-macro-arguments\"" )
        -:  341:
        -:  342:#    define CATCH_INTERNAL_SUPPRESS_UNUSED_TEMPLATE_WARNINGS \
        -:  343:         _Pragma( "clang diagnostic ignored \"-Wunused-template\"" )
        -:  344:
        -:  345:#endif // __clang__
        -:  346:
        -:  347:
        -:  348:////////////////////////////////////////////////////////////////////////////////
        -:  349:// Assume that non-Windows platforms support posix signals by default
        -:  350:#if !defined(CATCH_PLATFORM_WINDOWS)
        -:  351:    #define CATCH_INTERNAL_CONFIG_POSIX_SIGNALS
        -:  352:#endif
        -:  353:
        -:  354:////////////////////////////////////////////////////////////////////////////////
        -:  355:// We know some environments not to support full POSIX signals
        -:  356:#if defined(__CYGWIN__) || defined(__QNX__) || defined(__EMSCRIPTEN__) || defined(__DJGPP__)
        -:  357:    #define CATCH_INTERNAL_CONFIG_NO_POSIX_SIGNALS
        -:  358:#endif
        -:  359:
        -:  360:#ifdef __OS400__
        -:  361:#       define CATCH_INTERNAL_CONFIG_NO_POSIX_SIGNALS
        -:  362:#       define CATCH_CONFIG_COLOUR_NONE
        -:  363:#endif
        -:  364:
        -:  365:////////////////////////////////////////////////////////////////////////////////
        -:  366:// Android somehow still does not support std::to_string
        -:  367:#if defined(__ANDROID__)
        -:  368:#    define CATCH_INTERNAL_CONFIG_NO_CPP11_TO_STRING
        -:  369:#    define CATCH_INTERNAL_CONFIG_ANDROID_LOGWRITE
        -:  370:#endif
        -:  371:
        -:  372:////////////////////////////////////////////////////////////////////////////////
        -:  373:// Not all Windows environments support SEH properly
        -:  374:#if defined(__MINGW32__)
        -:  375:#    define CATCH_INTERNAL_CONFIG_NO_WINDOWS_SEH
        -:  376:#endif
        -:  377:
        -:  378:////////////////////////////////////////////////////////////////////////////////
        -:  379:// PS4
        -:  380:#if defined(__ORBIS__)
        -:  381:#    define CATCH_INTERNAL_CONFIG_NO_NEW_CAPTURE
        -:  382:#endif
        -:  383:
        -:  384:////////////////////////////////////////////////////////////////////////////////
        -:  385:// Cygwin
        -:  386:#ifdef __CYGWIN__
        -:  387:
        -:  388:// Required for some versions of Cygwin to declare gettimeofday
        -:  389:// see: http://stackoverflow.com/questions/36901803/gettimeofday-not-declared-in-this-scope-cygwin
        -:  390:#   define _BSD_SOURCE
        -:  391:// some versions of cygwin (most) do not support std::to_string. Use the libstd check.
        -:  392:// https://gcc.gnu.org/onlinedocs/gcc-4.8.2/libstdc++/api/a01053_source.html line 2812-2813
        -:  393:# if !((__cplusplus >= 201103L) && defined(_GLIBCXX_USE_C99) \
        -:  394:           && !defined(_GLIBCXX_HAVE_BROKEN_VSWPRINTF))
        -:  395:
        -:  396:#    define CATCH_INTERNAL_CONFIG_NO_CPP11_TO_STRING
        -:  397:
        -:  398:# endif
        -:  399:#endif // __CYGWIN__
        -:  400:
        -:  401:////////////////////////////////////////////////////////////////////////////////
        -:  402:// Visual C++
        -:  403:#if defined(_MSC_VER)
        -:  404:
        -:  405:#  define CATCH_INTERNAL_START_WARNINGS_SUPPRESSION __pragma( warning(push) )
        -:  406:#  define CATCH_INTERNAL_STOP_WARNINGS_SUPPRESSION  __pragma( warning(pop) )
        -:  407:
        -:  408:// Universal Windows platform does not support SEH
        -:  409:// Or console colours (or console at all...)
        -:  410:#  if defined(WINAPI_FAMILY) && (WINAPI_FAMILY == WINAPI_FAMILY_APP)
        -:  411:#    define CATCH_CONFIG_COLOUR_NONE
        -:  412:#  else
        -:  413:#    define CATCH_INTERNAL_CONFIG_WINDOWS_SEH
        -:  414:#  endif
        -:  415:
        -:  416:// MSVC traditional preprocessor needs some workaround for __VA_ARGS__
        -:  417:// _MSVC_TRADITIONAL == 0 means new conformant preprocessor
        -:  418:// _MSVC_TRADITIONAL == 1 means old traditional non-conformant preprocessor
        -:  419:#  if !defined(__clang__) // Handle Clang masquerading for msvc
        -:  420:#    if !defined(_MSVC_TRADITIONAL) || (defined(_MSVC_TRADITIONAL) && _MSVC_TRADITIONAL)
        -:  421:#      define CATCH_INTERNAL_CONFIG_TRADITIONAL_MSVC_PREPROCESSOR
        -:  422:#    endif // MSVC_TRADITIONAL
        -:  423:#  endif // __clang__
        -:  424:
        -:  425:#endif // _MSC_VER
        -:  426:
        -:  427:#if defined(_REENTRANT) || defined(_MSC_VER)
        -:  428:// Enable async processing, as -pthread is specified or no additional linking is required
        -:  429:# define CATCH_INTERNAL_CONFIG_USE_ASYNC
        -:  430:#endif // _MSC_VER
        -:  431:
        -:  432:////////////////////////////////////////////////////////////////////////////////
        -:  433:// Check if we are compiled with -fno-exceptions or equivalent
        -:  434:#if defined(__EXCEPTIONS) || defined(__cpp_exceptions) || defined(_CPPUNWIND)
        -:  435:#  define CATCH_INTERNAL_CONFIG_EXCEPTIONS_ENABLED
        -:  436:#endif
        -:  437:
        -:  438:////////////////////////////////////////////////////////////////////////////////
        -:  439:// DJGPP
        -:  440:#ifdef __DJGPP__
        -:  441:#  define CATCH_INTERNAL_CONFIG_NO_WCHAR
        -:  442:#endif // __DJGPP__
        -:  443:
        -:  444:////////////////////////////////////////////////////////////////////////////////
        -:  445:// Embarcadero C++Build
        -:  446:#if defined(__BORLANDC__)
        -:  447:    #define CATCH_INTERNAL_CONFIG_POLYFILL_ISNAN
        -:  448:#endif
        -:  449:
        -:  450:////////////////////////////////////////////////////////////////////////////////
        -:  451:
        -:  452:// Use of __COUNTER__ is suppressed during code analysis in
        -:  453:// CLion/AppCode 2017.2.x and former, because __COUNTER__ is not properly
        -:  454:// handled by it.
        -:  455:// Otherwise all supported compilers support COUNTER macro,
        -:  456:// but user still might want to turn it off
        -:  457:#if ( !defined(__JETBRAINS_IDE__) || __JETBRAINS_IDE__ >= 20170300L )
        -:  458:    #define CATCH_INTERNAL_CONFIG_COUNTER
        -:  459:#endif
        -:  460:
        -:  461:
        -:  462:////////////////////////////////////////////////////////////////////////////////
        -:  463:
        -:  464:// RTX is a special version of Windows that is real time.
        -:  465:// This means that it is detected as Windows, but does not provide
        -:  466:// the same set of capabilities as real Windows does.
        -:  467:#if defined(UNDER_RTSS) || defined(RTX64_BUILD)
        -:  468:    #define CATCH_INTERNAL_CONFIG_NO_WINDOWS_SEH
        -:  469:    #define CATCH_INTERNAL_CONFIG_NO_ASYNC
        -:  470:    #define CATCH_CONFIG_COLOUR_NONE
        -:  471:#endif
        -:  472:
        -:  473:#if !defined(_GLIBCXX_USE_C99_MATH_TR1)
        -:  474:#define CATCH_INTERNAL_CONFIG_GLOBAL_NEXTAFTER
        -:  475:#endif
        -:  476:
        -:  477:// Various stdlib support checks that require __has_include
        -:  478:#if defined(__has_include)
        -:  479:  // Check if string_view is available and usable
        -:  480:  #if __has_include(<string_view>) && defined(CATCH_CPP17_OR_GREATER)
        -:  481:  #    define CATCH_INTERNAL_CONFIG_CPP17_STRING_VIEW
        -:  482:  #endif
        -:  483:
        -:  484:  // Check if optional is available and usable
        -:  485:  #  if __has_include(<optional>) && defined(CATCH_CPP17_OR_GREATER)
        -:  486:  #    define CATCH_INTERNAL_CONFIG_CPP17_OPTIONAL
        -:  487:  #  endif // __has_include(<optional>) && defined(CATCH_CPP17_OR_GREATER)
        -:  488:
        -:  489:  // Check if byte is available and usable
        -:  490:  #  if __has_include(<cstddef>) && defined(CATCH_CPP17_OR_GREATER)
        -:  491:  #    include <cstddef>
        -:  492:  #    if __cpp_lib_byte > 0
        -:  493:  #      define CATCH_INTERNAL_CONFIG_CPP17_BYTE
        -:  494:  #    endif
        -:  495:  #  endif // __has_include(<cstddef>) && defined(CATCH_CPP17_OR_GREATER)
        -:  496:
        -:  497:  // Check if variant is available and usable
        -:  498:  #  if __has_include(<variant>) && defined(CATCH_CPP17_OR_GREATER)
        -:  499:  #    if defined(__clang__) && (__clang_major__ < 8)
        -:  500:         // work around clang bug with libstdc++ https://bugs.llvm.org/show_bug.cgi?id=31852
        -:  501:         // fix should be in clang 8, workaround in libstdc++ 8.2
        -:  502:  #      include <ciso646>
        -:  503:  #      if defined(__GLIBCXX__) && defined(_GLIBCXX_RELEASE) && (_GLIBCXX_RELEASE < 9)
        -:  504:  #        define CATCH_CONFIG_NO_CPP17_VARIANT
        -:  505:  #      else
        -:  506:  #        define CATCH_INTERNAL_CONFIG_CPP17_VARIANT
        -:  507:  #      endif // defined(__GLIBCXX__) && defined(_GLIBCXX_RELEASE) && (_GLIBCXX_RELEASE < 9)
        -:  508:  #    else
        -:  509:  #      define CATCH_INTERNAL_CONFIG_CPP17_VARIANT
        -:  510:  #    endif // defined(__clang__) && (__clang_major__ < 8)
        -:  511:  #  endif // __has_include(<variant>) && defined(CATCH_CPP17_OR_GREATER)
        -:  512:#endif // defined(__has_include)
        -:  513:
        -:  514:
        -:  515:#if defined(CATCH_INTERNAL_CONFIG_COUNTER) && !defined(CATCH_CONFIG_NO_COUNTER) && !defined(CATCH_CONFIG_COUNTER)
        -:  516:#   define CATCH_CONFIG_COUNTER
        -:  517:#endif
        -:  518:#if defined(CATCH_INTERNAL_CONFIG_WINDOWS_SEH) && !defined(CATCH_CONFIG_NO_WINDOWS_SEH) && !defined(CATCH_CONFIG_WINDOWS_SEH) && !defined(CATCH_INTERNAL_CONFIG_NO_WINDOWS_SEH)
        -:  519:#   define CATCH_CONFIG_WINDOWS_SEH
        -:  520:#endif
        -:  521:// This is set by default, because we assume that unix compilers are posix-signal-compatible by default.
        -:  522:#if defined(CATCH_INTERNAL_CONFIG_POSIX_SIGNALS) && !defined(CATCH_INTERNAL_CONFIG_NO_POSIX_SIGNALS) && !defined(CATCH_CONFIG_NO_POSIX_SIGNALS) && !defined(CATCH_CONFIG_POSIX_SIGNALS)
        -:  523:#   define CATCH_CONFIG_POSIX_SIGNALS
        -:  524:#endif
        -:  525:// This is set by default, because we assume that compilers with no wchar_t support are just rare exceptions.
        -:  526:#if !defined(CATCH_INTERNAL_CONFIG_NO_WCHAR) && !defined(CATCH_CONFIG_NO_WCHAR) && !defined(CATCH_CONFIG_WCHAR)
        -:  527:#   define CATCH_CONFIG_WCHAR
        -:  528:#endif
        -:  529:
        -:  530:#if !defined(CATCH_INTERNAL_CONFIG_NO_CPP11_TO_STRING) && !defined(CATCH_CONFIG_NO_CPP11_TO_STRING) && !defined(CATCH_CONFIG_CPP11_TO_STRING)
        -:  531:#    define CATCH_CONFIG_CPP11_TO_STRING
        -:  532:#endif
        -:  533:
        -:  534:#if defined(CATCH_INTERNAL_CONFIG_CPP17_OPTIONAL) && !defined(CATCH_CONFIG_NO_CPP17_OPTIONAL) && !defined(CATCH_CONFIG_CPP17_OPTIONAL)
        -:  535:#  define CATCH_CONFIG_CPP17_OPTIONAL
        -:  536:#endif
        -:  537:
        -:  538:#if defined(CATCH_INTERNAL_CONFIG_CPP17_STRING_VIEW) && !defined(CATCH_CONFIG_NO_CPP17_STRING_VIEW) && !defined(CATCH_CONFIG_CPP17_STRING_VIEW)
        -:  539:#  define CATCH_CONFIG_CPP17_STRING_VIEW
        -:  540:#endif
        -:  541:
        -:  542:#if defined(CATCH_INTERNAL_CONFIG_CPP17_VARIANT) && !defined(CATCH_CONFIG_NO_CPP17_VARIANT) && !defined(CATCH_CONFIG_CPP17_VARIANT)
        -:  543:#  define CATCH_CONFIG_CPP17_VARIANT
        -:  544:#endif
        -:  545:
        -:  546:#if defined(CATCH_INTERNAL_CONFIG_CPP17_BYTE) && !defined(CATCH_CONFIG_NO_CPP17_BYTE) && !defined(CATCH_CONFIG_CPP17_BYTE)
        -:  547:#  define CATCH_CONFIG_CPP17_BYTE
        -:  548:#endif
        -:  549:
        -:  550:
        -:  551:#if defined(CATCH_CONFIG_EXPERIMENTAL_REDIRECT)
        -:  552:#  define CATCH_INTERNAL_CONFIG_NEW_CAPTURE
        -:  553:#endif
        -:  554:
        -:  555:#if defined(CATCH_INTERNAL_CONFIG_NEW_CAPTURE) && !defined(CATCH_INTERNAL_CONFIG_NO_NEW_CAPTURE) && !defined(CATCH_CONFIG_NO_NEW_CAPTURE) && !defined(CATCH_CONFIG_NEW_CAPTURE)
        -:  556:#  define CATCH_CONFIG_NEW_CAPTURE
        -:  557:#endif
        -:  558:
        -:  559:#if !defined(CATCH_INTERNAL_CONFIG_EXCEPTIONS_ENABLED) && !defined(CATCH_CONFIG_DISABLE_EXCEPTIONS)
        -:  560:#  define CATCH_CONFIG_DISABLE_EXCEPTIONS
        -:  561:#endif
        -:  562:
        -:  563:#if defined(CATCH_INTERNAL_CONFIG_POLYFILL_ISNAN) && !defined(CATCH_CONFIG_NO_POLYFILL_ISNAN) && !defined(CATCH_CONFIG_POLYFILL_ISNAN)
        -:  564:#  define CATCH_CONFIG_POLYFILL_ISNAN
        -:  565:#endif
        -:  566:
        -:  567:#if defined(CATCH_INTERNAL_CONFIG_USE_ASYNC)  && !defined(CATCH_INTERNAL_CONFIG_NO_ASYNC) && !defined(CATCH_CONFIG_NO_USE_ASYNC) && !defined(CATCH_CONFIG_USE_ASYNC)
        -:  568:#  define CATCH_CONFIG_USE_ASYNC
        -:  569:#endif
        -:  570:
        -:  571:#if defined(CATCH_INTERNAL_CONFIG_ANDROID_LOGWRITE) && !defined(CATCH_CONFIG_NO_ANDROID_LOGWRITE) && !defined(CATCH_CONFIG_ANDROID_LOGWRITE)
        -:  572:#  define CATCH_CONFIG_ANDROID_LOGWRITE
        -:  573:#endif
        -:  574:
        -:  575:#if defined(CATCH_INTERNAL_CONFIG_GLOBAL_NEXTAFTER) && !defined(CATCH_CONFIG_NO_GLOBAL_NEXTAFTER) && !defined(CATCH_CONFIG_GLOBAL_NEXTAFTER)
        -:  576:#  define CATCH_CONFIG_GLOBAL_NEXTAFTER
        -:  577:#endif
        -:  578:
        -:  579:
        -:  580:// Even if we do not think the compiler has that warning, we still have
        -:  581:// to provide a macro that can be used by the code.
        -:  582:#if !defined(CATCH_INTERNAL_START_WARNINGS_SUPPRESSION)
        -:  583:#   define CATCH_INTERNAL_START_WARNINGS_SUPPRESSION
        -:  584:#endif
        -:  585:#if !defined(CATCH_INTERNAL_STOP_WARNINGS_SUPPRESSION)
        -:  586:#   define CATCH_INTERNAL_STOP_WARNINGS_SUPPRESSION
        -:  587:#endif
        -:  588:#if !defined(CATCH_INTERNAL_SUPPRESS_PARENTHESES_WARNINGS)
        -:  589:#   define CATCH_INTERNAL_SUPPRESS_PARENTHESES_WARNINGS
        -:  590:#endif
        -:  591:#if !defined(CATCH_INTERNAL_SUPPRESS_GLOBALS_WARNINGS)
        -:  592:#   define CATCH_INTERNAL_SUPPRESS_GLOBALS_WARNINGS
        -:  593:#endif
        -:  594:#if !defined(CATCH_INTERNAL_SUPPRESS_UNUSED_VARIABLE_WARNINGS)
        -:  595:#   define CATCH_INTERNAL_SUPPRESS_UNUSED_VARIABLE_WARNINGS
        -:  596:#endif
        -:  597:#if !defined(CATCH_INTERNAL_SUPPRESS_ZERO_VARIADIC_WARNINGS)
        -:  598:#   define CATCH_INTERNAL_SUPPRESS_ZERO_VARIADIC_WARNINGS
        -:  599:#endif
        -:  600:
        -:  601:// The goal of this macro is to avoid evaluation of the arguments, but
        -:  602:// still have the compiler warn on problems inside...
        -:  603:#if !defined(CATCH_INTERNAL_IGNORE_BUT_WARN)
        -:  604:#   define CATCH_INTERNAL_IGNORE_BUT_WARN(...)
        -:  605:#endif
        -:  606:
        -:  607:#if defined(__APPLE__) && defined(__apple_build_version__) && (__clang_major__ < 10)
        -:  608:#   undef CATCH_INTERNAL_SUPPRESS_UNUSED_TEMPLATE_WARNINGS
        -:  609:#elif defined(__clang__) && (__clang_major__ < 5)
        -:  610:#   undef CATCH_INTERNAL_SUPPRESS_UNUSED_TEMPLATE_WARNINGS
        -:  611:#endif
        -:  612:
        -:  613:#if !defined(CATCH_INTERNAL_SUPPRESS_UNUSED_TEMPLATE_WARNINGS)
        -:  614:#   define CATCH_INTERNAL_SUPPRESS_UNUSED_TEMPLATE_WARNINGS
        -:  615:#endif
        -:  616:
        -:  617:#if defined(CATCH_CONFIG_DISABLE_EXCEPTIONS)
        -:  618:#define CATCH_TRY if ((true))
        -:  619:#define CATCH_CATCH_ALL if ((false))
        -:  620:#define CATCH_CATCH_ANON(type) if ((false))
        -:  621:#else
        -:  622:#define CATCH_TRY try
        -:  623:#define CATCH_CATCH_ALL catch (...)
        -:  624:#define CATCH_CATCH_ANON(type) catch (type)
        -:  625:#endif
        -:  626:
        -:  627:#if defined(CATCH_INTERNAL_CONFIG_TRADITIONAL_MSVC_PREPROCESSOR) && !defined(CATCH_CONFIG_NO_TRADITIONAL_MSVC_PREPROCESSOR) && !defined(CATCH_CONFIG_TRADITIONAL_MSVC_PREPROCESSOR)
        -:  628:#define CATCH_CONFIG_TRADITIONAL_MSVC_PREPROCESSOR
        -:  629:#endif
        -:  630:
        -:  631:#endif // CATCH_COMPILER_CAPABILITIES_HPP_INCLUDED
        -:  632:
        -:  633:
        -:  634:#ifndef CATCH_STRINGREF_HPP_INCLUDED
        -:  635:#define CATCH_STRINGREF_HPP_INCLUDED
        -:  636:
        -:  637:#include <cstddef>
        -:  638:#include <string>
        -:  639:#include <iosfwd>
        -:  640:#include <cassert>
        -:  641:
        -:  642:namespace Catch {
        -:  643:
        -:  644:    /// A non-owning string class (similar to the forthcoming std::string_view)
        -:  645:    /// Note that, because a StringRef may be a substring of another string,
        -:  646:    /// it may not be null terminated.
        -:  647:    class StringRef {
        -:  648:    public:
        -:  649:        using size_type = std::size_t;
        -:  650:        using const_iterator = const char*;
        -:  651:
        -:  652:    private:
        -:  653:        static constexpr char const* const s_empty = "";
        -:  654:
        -:  655:        char const* m_start = s_empty;
        -:  656:        size_type m_size = 0;
        -:  657:
        -:  658:    public: // construction
        1:  659:        constexpr StringRef() noexcept = default;
        -:  660:
        -:  661:        StringRef( char const* rawChars ) noexcept;
        -:  662:
        -:  663:        constexpr StringRef( char const* rawChars, size_type size ) noexcept
        -:  664:        :   m_start( rawChars ),
        3:  665:            m_size( size )
        -:  666:        {}
        -:  667:
        -:  668:        StringRef( std::string const& stdString ) noexcept
        -:  669:        :   m_start( stdString.c_str() ),
        1:  670:            m_size( stdString.size() )
        -:  671:        {}
        -:  672:
        -:  673:        explicit operator std::string() const {
        1:  674:            return std::string(m_start, m_size);
        -:  675:        }
        -:  676:
        -:  677:    public: // operators
        -:  678:        auto operator == ( StringRef const& other ) const noexcept -> bool;
        -:  679:        auto operator != (StringRef const& other) const noexcept -> bool {
        -:  680:            return !(*this == other);
        -:  681:        }
        -:  682:
        -:  683:        constexpr auto operator[] ( size_type index ) const noexcept -> char {
       27:  684:            assert(index < m_size);
       23:  685:            return m_start[index];
        -:  686:        }
        -:  687:
        -:  688:        bool operator<(StringRef const& rhs) const noexcept;
        -:  689:
        -:  690:    public: // named queries
        -:  691:        constexpr auto empty() const noexcept -> bool {
        -:  692:            return m_size == 0;
        -:  693:        }
        -:  694:        constexpr auto size() const noexcept -> size_type {
        -:  695:            return m_size;
        -:  696:        }
        -:  697:
        -:  698:        // Returns the current start pointer. If the StringRef is not
        -:  699:        // null-terminated, throws std::domain_exception
        -:  700:        auto c_str() const -> char const*;
        -:  701:
        -:  702:    public: // substrings and searches
        -:  703:        // Returns a substring of [start, start + length).
        -:  704:        // If start + length > size(), then the substring is [start, start + size()).
        -:  705:        // If start > size(), then the substring is empty.
        -:  706:        constexpr StringRef substr(size_type start, size_type length) const noexcept {
        2:  707:            if (start < m_size) {
        2:  708:                const auto shortened_size = m_size - start;
        2:  709:                return StringRef(m_start + start, (shortened_size < length) ? shortened_size : length);
        -:  710:            } else {
    #####:  711:                return StringRef();
        -:  712:            }
        -:  713:        }
        -:  714:
        -:  715:        // Returns the current start pointer. May not be null-terminated.
        -:  716:        constexpr char const* data() const noexcept {
        -:  717:            return m_start;
        -:  718:        }
        -:  719:
        -:  720:        constexpr auto isNullTerminated() const noexcept -> bool {
    #####:  721:            return m_start[m_size] == '\0';
        -:  722:        }
        -:  723:
        -:  724:    public: // iterators
        -:  725:        constexpr const_iterator begin() const { return m_start; }
        -:  726:        constexpr const_iterator end() const { return m_start + m_size; }
        -:  727:
        -:  728:
        -:  729:        friend std::string& operator += (std::string& lhs, StringRef const& sr);
        -:  730:        friend std::ostream& operator << (std::ostream& os, StringRef const& sr);
        -:  731:        friend std::string operator+(StringRef lhs, StringRef rhs);
        -:  732:    };
        -:  733:
        -:  734:
        -:  735:    constexpr auto operator "" _sr( char const* rawChars, std::size_t size ) noexcept -> StringRef {
        -:  736:        return StringRef( rawChars, size );
        -:  737:    }
        -:  738:} // namespace Catch
        -:  739:
        -:  740:constexpr auto operator "" _catch_sr( char const* rawChars, std::size_t size ) noexcept -> Catch::StringRef {
        -:  741:    return Catch::StringRef( rawChars, size );
        -:  742:}
        -:  743:
        -:  744:#endif // CATCH_STRINGREF_HPP_INCLUDED
        -:  745:
        -:  746:#define INTERNAL_CATCH_UNIQUE_NAME_LINE2( name, line ) name##line
        -:  747:#define INTERNAL_CATCH_UNIQUE_NAME_LINE( name, line ) INTERNAL_CATCH_UNIQUE_NAME_LINE2( name, line )
        -:  748:#ifdef CATCH_CONFIG_COUNTER
        -:  749:#  define INTERNAL_CATCH_UNIQUE_NAME( name ) INTERNAL_CATCH_UNIQUE_NAME_LINE( name, __COUNTER__ )
        -:  750:#else
        -:  751:#  define INTERNAL_CATCH_UNIQUE_NAME( name ) INTERNAL_CATCH_UNIQUE_NAME_LINE( name, __LINE__ )
        -:  752:#endif
        -:  753:
        -:  754:#include <iosfwd>
        -:  755:
        -:  756:// We need a dummy global operator<< so we can bring it into Catch namespace later
        -:  757:struct Catch_global_namespace_dummy {};
        -:  758:std::ostream& operator<<(std::ostream&, Catch_global_namespace_dummy);
        -:  759:
        -:  760:namespace Catch {
        -:  761:
        -:  762:    struct SourceLineInfo {
        -:  763:
        -:  764:        SourceLineInfo() = delete;
        -:  765:        constexpr SourceLineInfo( char const* _file, std::size_t _line ) noexcept:
        -:  766:            file( _file ),
        1:  767:            line( _line )
        -:  768:        {}
        -:  769:
        -:  770:        bool operator == ( SourceLineInfo const& other ) const noexcept;
        -:  771:        bool operator < ( SourceLineInfo const& other ) const noexcept;
        -:  772:
        -:  773:        char const* file;
        -:  774:        std::size_t line;
        -:  775:
        -:  776:        friend std::ostream& operator << (std::ostream& os, SourceLineInfo const& info);
        -:  777:    };
        -:  778:
        -:  779:
        -:  780:    // Bring in operator<< from global namespace into Catch namespace
        -:  781:    // This is necessary because the overload of operator<< above makes
        -:  782:    // lookup stop at namespace Catch
        -:  783:    using ::operator<<;
        -:  784:
        -:  785:    // Use this in variadic streaming macros to allow
        -:  786:    //    >> +StreamEndStop
        -:  787:    // as well as
        -:  788:    //    >> stuff +StreamEndStop
        -:  789:    struct StreamEndStop {
        -:  790:        StringRef operator+() const {
        -:  791:            return StringRef();
        -:  792:        }
        -:  793:
        -:  794:        template<typename T>
        -:  795:        friend T const& operator + ( T const& value, StreamEndStop ) {
        -:  796:            return value;
        -:  797:        }
        -:  798:    };
        -:  799:}
        -:  800:
        -:  801:#define CATCH_INTERNAL_LINEINFO \
        -:  802:    ::Catch::SourceLineInfo( __FILE__, static_cast<std::size_t>( __LINE__ ) )
        -:  803:
        -:  804:#endif // CATCH_COMMON_HPP_INCLUDED
        -:  805:
        -:  806:
        -:  807:#ifndef CATCH_TOTALS_HPP_INCLUDED
        -:  808:#define CATCH_TOTALS_HPP_INCLUDED
        -:  809:
        -:  810:#include <cstddef>
        -:  811:
        -:  812:namespace Catch {
        -:  813:
        1:  814:    struct Counts {
        -:  815:        Counts operator - ( Counts const& other ) const;
        -:  816:        Counts& operator += ( Counts const& other );
        -:  817:
        -:  818:        std::size_t total() const;
        -:  819:        bool allPassed() const;
        -:  820:        bool allOk() const;
        -:  821:
        -:  822:        std::size_t passed = 0;
        -:  823:        std::size_t failed = 0;
        -:  824:        std::size_t failedButOk = 0;
        -:  825:    };
        -:  826:
        1:  827:    struct Totals {
        -:  828:
        -:  829:        Totals operator - ( Totals const& other ) const;
        -:  830:        Totals& operator += ( Totals const& other );
        -:  831:
        -:  832:        Totals delta( Totals const& prevTotals ) const;
        -:  833:
        -:  834:        int error = 0;
        -:  835:        Counts assertions;
        -:  836:        Counts testCases;
        -:  837:    };
        -:  838:}
        -:  839:
        -:  840:#endif // CATCH_TOTALS_HPP_INCLUDED
        -:  841:
        -:  842:#include <string>
        -:  843:
        -:  844:namespace Catch {
        -:  845:
        6:  846:    struct SectionInfo {
        -:  847:        // The last argument is ignored, so that people can write
        -:  848:        // SECTION("ShortName", "Proper description that is long") and
        -:  849:        // still use the `-c` flag comfortably.
        -:  850:        SectionInfo( SourceLineInfo const& _lineInfo, std::string _name,
        -:  851:                    const char* const = nullptr ):
        -:  852:            name(std::move(_name)),
        1:  853:            lineInfo(_lineInfo)
        -:  854:            {}
        -:  855:
        -:  856:        std::string name;
        -:  857:        SourceLineInfo lineInfo;
        -:  858:    };
        -:  859:
    #####:  860:    struct SectionEndInfo {
        -:  861:        SectionInfo sectionInfo;
        -:  862:        Counts prevAssertions;
        -:  863:        double durationInSeconds;
        -:  864:    };
        -:  865:
        -:  866:} // end namespace Catch
        -:  867:
        -:  868:#endif // CATCH_SECTION_INFO_HPP_INCLUDED
        -:  869:
        -:  870:
        -:  871:#ifndef CATCH_ASSERTION_RESULT_HPP_INCLUDED
        -:  872:#define CATCH_ASSERTION_RESULT_HPP_INCLUDED
        -:  873:
        -:  874:#include <string>
        -:  875:
        -:  876:
        -:  877:#ifndef CATCH_ASSERTION_INFO_HPP_INCLUDED
        -:  878:#define CATCH_ASSERTION_INFO_HPP_INCLUDED
        -:  879:
        -:  880:
        -:  881:
        -:  882:#ifndef CATCH_RESULT_TYPE_HPP_INCLUDED
        -:  883:#define CATCH_RESULT_TYPE_HPP_INCLUDED
        -:  884:
        -:  885:namespace Catch {
        -:  886:
        -:  887:    // ResultWas::OfType enum
        -:  888:    struct ResultWas { enum OfType {
        -:  889:        Unknown = -1,
        -:  890:        Ok = 0,
        -:  891:        Info = 1,
        -:  892:        Warning = 2,
        -:  893:
        -:  894:        FailureBit = 0x10,
        -:  895:
        -:  896:        ExpressionFailed = FailureBit | 1,
        -:  897:        ExplicitFailure = FailureBit | 2,
        -:  898:
        -:  899:        Exception = 0x100 | FailureBit,
        -:  900:
        -:  901:        ThrewException = Exception | 1,
        -:  902:        DidntThrowException = Exception | 2,
        -:  903:
        -:  904:        FatalErrorCondition = 0x200 | FailureBit
        -:  905:
        -:  906:    }; };
        -:  907:
        -:  908:    bool isOk( ResultWas::OfType resultType );
        -:  909:    bool isJustInfo( int flags );
        -:  910:
        -:  911:
        -:  912:    // ResultDisposition::Flags enum
        -:  913:    struct ResultDisposition { enum Flags {
        -:  914:        Normal = 0x01,
        -:  915:
        -:  916:        ContinueOnFailure = 0x02,   // Failures fail test, but execution continues
        -:  917:        FalseTest = 0x04,           // Prefix expression with !
        -:  918:        SuppressFail = 0x08         // Failures are reported but do not fail the test
        -:  919:    }; };
        -:  920:
        -:  921:    ResultDisposition::Flags operator | ( ResultDisposition::Flags lhs, ResultDisposition::Flags rhs );
        -:  922:
        -:  923:    bool shouldContinueOnFailure( int flags );
        4:  924:    inline bool isFalseTest( int flags ) { return ( flags & ResultDisposition::FalseTest ) != 0; }
        -:  925:    bool shouldSuppressFailure( int flags );
        -:  926:
        -:  927:} // end namespace Catch
        -:  928:
        -:  929:#endif // CATCH_RESULT_TYPE_HPP_INCLUDED
        -:  930:
        -:  931:namespace Catch {
        -:  932:
        -:  933:    struct AssertionInfo {
        -:  934:        // AssertionInfo() = delete;
        -:  935:
        -:  936:        StringRef macroName;
        -:  937:        SourceLineInfo lineInfo;
        -:  938:        StringRef capturedExpression;
        -:  939:        ResultDisposition::Flags resultDisposition;
        -:  940:    };
        -:  941:
        -:  942:} // end namespace Catch
        -:  943:
        -:  944:#endif // CATCH_ASSERTION_INFO_HPP_INCLUDED
        -:  945:
        -:  946:
        -:  947:#ifndef CATCH_LAZY_EXPR_HPP_INCLUDED
        -:  948:#define CATCH_LAZY_EXPR_HPP_INCLUDED
        -:  949:
        -:  950:#include <iosfwd>
        -:  951:
        -:  952:namespace Catch {
        -:  953:        
        -:  954:    struct ITransientExpression;
        -:  955:
        -:  956:    class LazyExpression {
        -:  957:        friend class AssertionHandler;
        -:  958:        friend struct AssertionStats;
        -:  959:        friend class RunContext;
        -:  960:
        -:  961:        ITransientExpression const* m_transientExpression = nullptr;
        -:  962:        bool m_isNegated;
        -:  963:    public:
        -:  964:        LazyExpression( bool isNegated ):
    #####:  965:            m_isNegated(isNegated)
        -:  966:        {}
        -:  967:        LazyExpression(LazyExpression const& other) = default;
        -:  968:        LazyExpression& operator = ( LazyExpression const& ) = delete;
        -:  969:
        -:  970:        explicit operator bool() const {
        -:  971:            return m_transientExpression != nullptr;
        -:  972:        }
        -:  973:
        -:  974:        friend auto operator << ( std::ostream& os, LazyExpression const& lazyExpr ) -> std::ostream&;
        -:  975:    };
        -:  976:
        -:  977:} // namespace Catch
        -:  978:
        -:  979:#endif // CATCH_LAZY_EXPR_HPP_INCLUDED
        -:  980:
        -:  981:namespace Catch {
        -:  982:
    #####:  983:    struct AssertionResultData
        -:  984:    {
        -:  985:        AssertionResultData() = delete;
        -:  986:
        -:  987:        AssertionResultData( ResultWas::OfType _resultType, LazyExpression const& _lazyExpression );
        -:  988:
        -:  989:        std::string message;
        -:  990:        mutable std::string reconstructedExpression;
        -:  991:        LazyExpression lazyExpression;
        -:  992:        ResultWas::OfType resultType;
        -:  993:
        -:  994:        std::string reconstructExpression() const;
        -:  995:    };
        -:  996:
    #####:  997:    class AssertionResult {
        -:  998:    public:
        -:  999:        AssertionResult() = delete;
        -: 1000:        AssertionResult( AssertionInfo const& info, AssertionResultData const& data );
        -: 1001:
        -: 1002:        bool isOk() const;
        -: 1003:        bool succeeded() const;
        -: 1004:        ResultWas::OfType getResultType() const;
        -: 1005:        bool hasExpression() const;
        -: 1006:        bool hasMessage() const;
        -: 1007:        std::string getExpression() const;
        -: 1008:        std::string getExpressionInMacro() const;
        -: 1009:        bool hasExpandedExpression() const;
        -: 1010:        std::string getExpandedExpression() const;
        -: 1011:        std::string getMessage() const;
        -: 1012:        SourceLineInfo getSourceInfo() const;
        -: 1013:        StringRef getTestMacroName() const;
        -: 1014:
        -: 1015:    //protected:
        -: 1016:        AssertionInfo m_info;
        -: 1017:        AssertionResultData m_resultData;
        -: 1018:    };
        -: 1019:
        -: 1020:} // end namespace Catch
        -: 1021:
        -: 1022:#endif // CATCH_ASSERTION_RESULT_HPP_INCLUDED
        -: 1023:
        -: 1024:
        -: 1025:#ifndef CATCH_MESSAGE_INFO_HPP_INCLUDED
        -: 1026:#define CATCH_MESSAGE_INFO_HPP_INCLUDED
        -: 1027:
        -: 1028:
        -: 1029:
        -: 1030:#ifndef CATCH_INTERFACES_CAPTURE_HPP_INCLUDED
        -: 1031:#define CATCH_INTERFACES_CAPTURE_HPP_INCLUDED
        -: 1032:
        -: 1033:#include <string>
        -: 1034:#include <chrono>
        -: 1035:
        -: 1036:
        -: 1037:namespace Catch {
        -: 1038:
        -: 1039:    class AssertionResult;
        -: 1040:    struct AssertionInfo;
        -: 1041:    struct SectionInfo;
        -: 1042:    struct SectionEndInfo;
        -: 1043:    struct MessageInfo;
        -: 1044:    struct MessageBuilder;
        -: 1045:    struct Counts;
        -: 1046:    struct AssertionReaction;
        -: 1047:    struct SourceLineInfo;
        -: 1048:
        -: 1049:    struct ITransientExpression;
        -: 1050:    struct IGeneratorTracker;
        -: 1051:
        -: 1052:    struct BenchmarkInfo;
        -: 1053:    template <typename Duration = std::chrono::duration<double, std::nano>>
        -: 1054:    struct BenchmarkStats;
        -: 1055:
        2: 1056:    struct IResultCapture {
        -: 1057:
        -: 1058:        virtual ~IResultCapture();
        -: 1059:
        -: 1060:        virtual bool sectionStarted(    SectionInfo const& sectionInfo,
        -: 1061:                                        Counts& assertions ) = 0;
        -: 1062:        virtual void sectionEnded( SectionEndInfo const& endInfo ) = 0;
        -: 1063:        virtual void sectionEndedEarly( SectionEndInfo const& endInfo ) = 0;
        -: 1064:
        -: 1065:        virtual auto acquireGeneratorTracker( StringRef generatorName, SourceLineInfo const& lineInfo ) -> IGeneratorTracker& = 0;
        -: 1066:
        -: 1067:        virtual void benchmarkPreparing( std::string const& name ) = 0;
        -: 1068:        virtual void benchmarkStarting( BenchmarkInfo const& info ) = 0;
        -: 1069:        virtual void benchmarkEnded( BenchmarkStats<> const& stats ) = 0;
        -: 1070:        virtual void benchmarkFailed( std::string const& error ) = 0;
        -: 1071:
        -: 1072:        virtual void pushScopedMessage( MessageInfo const& message ) = 0;
        -: 1073:        virtual void popScopedMessage( MessageInfo const& message ) = 0;
        -: 1074:
        -: 1075:        virtual void emplaceUnscopedMessage( MessageBuilder const& builder ) = 0;
        -: 1076:
        -: 1077:        virtual void handleFatalErrorCondition( StringRef message ) = 0;
        -: 1078:
        -: 1079:        virtual void handleExpr
        -: 1080:                (   AssertionInfo const& info,
        -: 1081:                    ITransientExpression const& expr,
        -: 1082:                    AssertionReaction& reaction ) = 0;
        -: 1083:        virtual void handleMessage
        -: 1084:                (   AssertionInfo const& info,
        -: 1085:                    ResultWas::OfType resultType,
        -: 1086:                    StringRef const& message,
        -: 1087:                    AssertionReaction& reaction ) = 0;
        -: 1088:        virtual void handleUnexpectedExceptionNotThrown
        -: 1089:                (   AssertionInfo const& info,
        -: 1090:                    AssertionReaction& reaction ) = 0;
        -: 1091:        virtual void handleUnexpectedInflightException
        -: 1092:                (   AssertionInfo const& info,
        -: 1093:                    std::string const& message,
        -: 1094:                    AssertionReaction& reaction ) = 0;
        -: 1095:        virtual void handleIncomplete
        -: 1096:                (   AssertionInfo const& info ) = 0;
        -: 1097:        virtual void handleNonExpr
        -: 1098:                (   AssertionInfo const &info,
        -: 1099:                    ResultWas::OfType resultType,
        -: 1100:                    AssertionReaction &reaction ) = 0;
        -: 1101:
        -: 1102:
        -: 1103:
        -: 1104:        virtual bool lastAssertionPassed() = 0;
        -: 1105:        virtual void assertionPassed() = 0;
        -: 1106:
        -: 1107:        // Deprecated, do not use:
        -: 1108:        virtual std::string getCurrentTestName() const = 0;
        -: 1109:        virtual const AssertionResult* getLastResult() const = 0;
        -: 1110:        virtual void exceptionEarlyReported() = 0;
        -: 1111:    };
        -: 1112:
        -: 1113:    IResultCapture& getResultCapture();
        -: 1114:}
        -: 1115:
        -: 1116:#endif // CATCH_INTERFACES_CAPTURE_HPP_INCLUDED
        -: 1117:
        -: 1118:#include <string>
        -: 1119:
        -: 1120:namespace Catch {
        -: 1121:
    #####: 1122:    struct MessageInfo {
        -: 1123:        MessageInfo(    StringRef const& _macroName,
        -: 1124:                        SourceLineInfo const& _lineInfo,
        -: 1125:                        ResultWas::OfType _type );
        -: 1126:
        -: 1127:        StringRef macroName;
        -: 1128:        std::string message;
        -: 1129:        SourceLineInfo lineInfo;
        -: 1130:        ResultWas::OfType type;
        -: 1131:        unsigned int sequence;
        -: 1132:
        -: 1133:        bool operator == (MessageInfo const& other) const {
        -: 1134:            return sequence == other.sequence;
        -: 1135:        }
        -: 1136:        bool operator < (MessageInfo const& other) const {
        -: 1137:            return sequence < other.sequence;
        -: 1138:        }
        -: 1139:    private:
        -: 1140:        static unsigned int globalCount;
        -: 1141:    };
        -: 1142:
        -: 1143:} // end namespace Catch
        -: 1144:
        -: 1145:#endif // CATCH_MESSAGE_INFO_HPP_INCLUDED
        -: 1146:
        -: 1147:
        -: 1148:#ifndef CATCH_UNIQUE_PTR_HPP_INCLUDED
        -: 1149:#define CATCH_UNIQUE_PTR_HPP_INCLUDED
        -: 1150:
        -: 1151:#include <cassert>
        -: 1152:#include <type_traits>
        -: 1153:
        -: 1154:namespace Catch {
        -: 1155:namespace Detail {
        -: 1156:    // reimplementation of unique_ptr for improved compilation times
        -: 1157:    // Does not support custom deleters (and thus does not require EBO)
        -: 1158:    // Does not support arrays
        -: 1159:    template <typename T>
        -: 1160:    class unique_ptr {
        -: 1161:        T* m_ptr;
        -: 1162:    public:
        -: 1163:        constexpr unique_ptr(std::nullptr_t = nullptr):
        9: 1164:            m_ptr{}
        -: 1165:        {}
        -: 1166:        explicit constexpr unique_ptr(T* ptr):
        7: 1167:            m_ptr(ptr)
        -: 1168:        {}
        -: 1169:
        -: 1170:        template <typename U, typename = std::enable_if_t<std::is_base_of<T, U>::value>>
        -: 1171:        unique_ptr(unique_ptr<U>&& from):
        1: 1172:            m_ptr(from.release())
        -: 1173:        {}
        -: 1174:
        -: 1175:        template <typename U, typename = std::enable_if_t<std::is_base_of<T, U>::value>>
        -: 1176:        unique_ptr& operator=(unique_ptr<U>&& from) {
        -: 1177:            reset(from.release());
        -: 1178:
        -: 1179:            return *this;
        -: 1180:        }
        -: 1181:
        -: 1182:        unique_ptr(unique_ptr const&) = delete;
        -: 1183:        unique_ptr& operator=(unique_ptr const&) = delete;
        -: 1184:
        -: 1185:        unique_ptr(unique_ptr&& rhs) noexcept:
        6: 1186:            m_ptr(rhs.m_ptr) {
        6: 1187:            rhs.m_ptr = nullptr;
        -: 1188:        }
        -: 1189:        unique_ptr& operator=(unique_ptr&& rhs) noexcept {
        -: 1190:            reset(rhs.release());
        -: 1191:
        -: 1192:            return *this;
        -: 1193:        }
        -: 1194:
        4: 1195:        ~unique_ptr() {
       23: 1196:            delete m_ptr;
       23: 1197:        }
        -: 1198:
        -: 1199:        T& operator*() {
        3: 1200:            assert(m_ptr);
        -: 1201:            return *m_ptr;
        -: 1202:        }
        -: 1203:        T const& operator*() const {
        -: 1204:            assert(m_ptr);
        -: 1205:            return *m_ptr;
        -: 1206:        }
        -: 1207:        T* operator->() const noexcept {
       29: 1208:            assert(m_ptr);
        -: 1209:            return m_ptr;
        -: 1210:        }
        -: 1211:
        8: 1212:        T* get() { return m_ptr; }
        -: 1213:        T const* get() const { return m_ptr; }
        -: 1214:
        -: 1215:        void reset(T* ptr = nullptr) {
       10: 1216:            delete m_ptr;
       10: 1217:            m_ptr = ptr;
        -: 1218:        }
        -: 1219:
        -: 1220:        T* release() {
        2: 1221:            auto temp = m_ptr;
        1: 1222:            m_ptr = nullptr;
        -: 1223:            return temp;
        -: 1224:        }
        -: 1225:
        -: 1226:        explicit operator bool() const {
        2: 1227:            return m_ptr;
        -: 1228:        }
        -: 1229:
        -: 1230:        friend void swap(unique_ptr& lhs, unique_ptr& rhs) {
        -: 1231:            auto temp = lhs.m_ptr;
        -: 1232:            lhs.m_ptr = rhs.m_ptr;
        -: 1233:            rhs.m_ptr = temp;
        -: 1234:        }
        -: 1235:    };
        -: 1236:
        -: 1237:    // Purposefully doesn't exist
        -: 1238:    // We could also rely on compiler warning + werror for calling plain delete
        -: 1239:    // on a T[], but this seems better.
        -: 1240:    // Maybe add definition and a static assert?
        -: 1241:    template <typename T>
        -: 1242:    class unique_ptr<T[]>;
        -: 1243:
        -: 1244:    template <typename T, typename... Args>
        2: 1245:    unique_ptr<T> make_unique(Args&&... args) {
        -: 1246:        // static_cast<Args&&> does the same thing as std::forward in
        -: 1247:        // this case, but does not require including big header (<utility>)
        -: 1248:        // and compiles faster thanks to not requiring template instantiation
        -: 1249:        // and overload resolution
       12: 1250:        return unique_ptr<T>(new T(static_cast<Args&&>(args)...));
        -: 1251:    }
        -: 1252:
        -: 1253:
        -: 1254:} // end namespace Detail
        -: 1255:} // end namespace Catch
        -: 1256:
        -: 1257:#endif // CATCH_UNIQUE_PTR_HPP_INCLUDED
        -: 1258:
        -: 1259:
        -: 1260:
        -: 1261:// Adapted from donated nonius code.
        -: 1262:
        -: 1263:#ifndef CATCH_ESTIMATE_HPP_INCLUDED
        -: 1264:#define CATCH_ESTIMATE_HPP_INCLUDED
        -: 1265:
        -: 1266:namespace Catch {
        -: 1267:    namespace Benchmark {
        -: 1268:        template <typename Duration>
        -: 1269:        struct Estimate {
        -: 1270:            Duration point;
        -: 1271:            Duration lower_bound;
        -: 1272:            Duration upper_bound;
        -: 1273:            double confidence_interval;
        -: 1274:
        -: 1275:            template <typename Duration2>
        -: 1276:            operator Estimate<Duration2>() const {
        -: 1277:                return { point, lower_bound, upper_bound, confidence_interval };
        -: 1278:            }
        -: 1279:        };
        -: 1280:    } // namespace Benchmark
        -: 1281:} // namespace Catch
        -: 1282:
        -: 1283:#endif // CATCH_ESTIMATE_HPP_INCLUDED
        -: 1284:
        -: 1285:
        -: 1286:// Adapted from donated nonius code.
        -: 1287:
        -: 1288:#ifndef CATCH_OUTLIER_CLASSIFICATION_HPP_INCLUDED
        -: 1289:#define CATCH_OUTLIER_CLASSIFICATION_HPP_INCLUDED
        -: 1290:
        -: 1291:namespace Catch {
        -: 1292:    namespace Benchmark {
        -: 1293:        struct OutlierClassification {
        -: 1294:            int samples_seen = 0;
        -: 1295:            int low_severe = 0;     // more than 3 times IQR below Q1
        -: 1296:            int low_mild = 0;       // 1.5 to 3 times IQR below Q1
        -: 1297:            int high_mild = 0;      // 1.5 to 3 times IQR above Q3
        -: 1298:            int high_severe = 0;    // more than 3 times IQR above Q3
        -: 1299:
        -: 1300:            int total() const {
        -: 1301:                return low_severe + low_mild + high_mild + high_severe;
        -: 1302:            }
        -: 1303:        };
        -: 1304:    } // namespace Benchmark
        -: 1305:} // namespace Catch
        -: 1306:
        -: 1307:#endif // CATCH_OUTLIERS_CLASSIFICATION_HPP_INCLUDED
        -: 1308:
        -: 1309:
        -: 1310:#include <string>
        -: 1311:#include <vector>
        -: 1312:#include <iosfwd>
        -: 1313:
        -: 1314:namespace Catch {
        -: 1315:
        -: 1316:    struct ReporterDescription;
        -: 1317:    struct TagInfo;
        -: 1318:    struct TestCaseInfo;
        -: 1319:    class TestCaseHandle;
        -: 1320:    struct IConfig;
        -: 1321:
        -: 1322:    struct ReporterConfig {
        -: 1323:        explicit ReporterConfig( IConfig const* _fullConfig );
        -: 1324:
        -: 1325:        ReporterConfig( IConfig const* _fullConfig, std::ostream& _stream );
        -: 1326:
        -: 1327:        std::ostream& stream() const;
        -: 1328:        IConfig const* fullConfig() const;
        -: 1329:
        -: 1330:    private:
        -: 1331:        std::ostream* m_stream;
        -: 1332:        IConfig const* m_fullConfig;
        -: 1333:    };
        -: 1334:
        4: 1335:    struct TestRunInfo {
        -: 1336:        TestRunInfo( std::string const& _name );
        -: 1337:        std::string name;
        -: 1338:    };
        8: 1339:    struct GroupInfo {
        -: 1340:        GroupInfo(  std::string const& _name,
        -: 1341:                    std::size_t _groupIndex,
        -: 1342:                    std::size_t _groupsCount );
        -: 1343:
        -: 1344:        std::string name;
        -: 1345:        std::size_t groupIndex;
        -: 1346:        std::size_t groupsCounts;
        -: 1347:    };
        -: 1348:
    #####: 1349:    struct AssertionStats {
        -: 1350:        AssertionStats( AssertionResult const& _assertionResult,
        -: 1351:                        std::vector<MessageInfo> const& _infoMessages,
        -: 1352:                        Totals const& _totals );
        -: 1353:
    #####: 1354:        AssertionStats( AssertionStats const& )              = default;
    #####: 1355:        AssertionStats( AssertionStats && )                  = default;
        -: 1356:        AssertionStats& operator = ( AssertionStats const& ) = delete;
        -: 1357:        AssertionStats& operator = ( AssertionStats && )     = delete;
        -: 1358:
        -: 1359:        AssertionResult assertionResult;
        -: 1360:        std::vector<MessageInfo> infoMessages;
        -: 1361:        Totals totals;
        -: 1362:    };
        -: 1363:
        1: 1364:    struct SectionStats {
        -: 1365:        SectionStats(   SectionInfo const& _sectionInfo,
        -: 1366:                        Counts const& _assertions,
        -: 1367:                        double _durationInSeconds,
        -: 1368:                        bool _missingAssertions );
        -: 1369:
        -: 1370:        SectionInfo sectionInfo;
        -: 1371:        Counts assertions;
        -: 1372:        double durationInSeconds;
        -: 1373:        bool missingAssertions;
        -: 1374:    };
        -: 1375:
        2: 1376:    struct TestCaseStats {
        -: 1377:        TestCaseStats(  TestCaseInfo const& _testInfo,
        -: 1378:                        Totals const& _totals,
        -: 1379:                        std::string const& _stdOut,
        -: 1380:                        std::string const& _stdErr,
        -: 1381:                        bool _aborting );
        -: 1382:
        -: 1383:        TestCaseInfo const * testInfo;
        -: 1384:        Totals totals;
        -: 1385:        std::string stdOut;
        -: 1386:        std::string stdErr;
        -: 1387:        bool aborting;
        -: 1388:    };
        -: 1389:
        1: 1390:    struct TestGroupStats {
        -: 1391:        TestGroupStats( GroupInfo const& _groupInfo,
        -: 1392:                        Totals const& _totals,
        -: 1393:                        bool _aborting );
        -: 1394:        TestGroupStats( GroupInfo const& _groupInfo );
        -: 1395:
        -: 1396:        GroupInfo groupInfo;
        -: 1397:        Totals totals;
        -: 1398:        bool aborting;
        -: 1399:    };
        -: 1400:
        1: 1401:    struct TestRunStats {
        -: 1402:        TestRunStats(   TestRunInfo const& _runInfo,
        -: 1403:                        Totals const& _totals,
        -: 1404:                        bool _aborting );
        -: 1405:
        -: 1406:        TestRunInfo runInfo;
        -: 1407:        Totals totals;
        -: 1408:        bool aborting;
        -: 1409:    };
        -: 1410:
        -: 1411:
        -: 1412:    struct BenchmarkInfo {
        -: 1413:        std::string name;
        -: 1414:        double estimatedDuration;
        -: 1415:        int iterations;
        -: 1416:        int samples;
        -: 1417:        unsigned int resamples;
        -: 1418:        double clockResolution;
        -: 1419:        double clockCost;
        -: 1420:    };
        -: 1421:
        -: 1422:    template <class Duration>
        -: 1423:    struct BenchmarkStats {
        -: 1424:        BenchmarkInfo info;
        -: 1425:
        -: 1426:        std::vector<Duration> samples;
        -: 1427:        Benchmark::Estimate<Duration> mean;
        -: 1428:        Benchmark::Estimate<Duration> standardDeviation;
        -: 1429:        Benchmark::OutlierClassification outliers;
        -: 1430:        double outlierVariance;
        -: 1431:
        -: 1432:        template <typename Duration2>
        -: 1433:        operator BenchmarkStats<Duration2>() const {
        -: 1434:            std::vector<Duration2> samples2;
        -: 1435:            samples2.reserve(samples.size());
        -: 1436:            for (auto const& sample : samples) {
        -: 1437:                samples2.push_back(Duration2(sample));
        -: 1438:            }
        -: 1439:            return {
        -: 1440:                info,
        -: 1441:                std::move(samples2),
        -: 1442:                mean,
        -: 1443:                standardDeviation,
        -: 1444:                outliers,
        -: 1445:                outlierVariance,
        -: 1446:            };
        -: 1447:        }
        -: 1448:    };
        -: 1449:
        -: 1450:    //! By setting up its preferences, a reporter can modify Catch2's behaviour
        -: 1451:    //! in some regards, e.g. it can request Catch2 to capture writes to
        -: 1452:    //! stdout/stderr during test execution, and pass them to the reporter.
        1: 1453:    struct ReporterPreferences {
        -: 1454:        //! Catch2 should redirect writes to stdout and pass them to the
        -: 1455:        //! reporter
        -: 1456:        bool shouldRedirectStdOut = false;
        -: 1457:        //! Catch2 should call `Reporter::assertionEnded` even for passing
        -: 1458:        //! assertions
        -: 1459:        bool shouldReportAllAssertions = false;
        -: 1460:    };
        -: 1461:
        -: 1462:
        1: 1463:    struct IStreamingReporter {
        -: 1464:    protected:
        -: 1465:        //! Derived classes can set up their preferences here
        -: 1466:        ReporterPreferences m_preferences;
        -: 1467:    public:
        1: 1468:        virtual ~IStreamingReporter() = default;
        -: 1469:
        -: 1470:        // Implementing class must also provide the following static methods:
        -: 1471:        // static std::string getDescription();
        -: 1472:
        -: 1473:        ReporterPreferences const& getPreferences() const {
        -: 1474:            return m_preferences;
        -: 1475:        }
        -: 1476:
        -: 1477:        virtual void noMatchingTestCases( std::string const& spec ) = 0;
        -: 1478:
    #####: 1479:        virtual void reportInvalidArguments(std::string const&) {}
        -: 1480:
        -: 1481:        virtual void testRunStarting( TestRunInfo const& testRunInfo ) = 0;
        -: 1482:        virtual void testGroupStarting( GroupInfo const& groupInfo ) = 0;
        -: 1483:
        -: 1484:        virtual void testCaseStarting( TestCaseInfo const& testInfo ) = 0;
        -: 1485:        virtual void sectionStarting( SectionInfo const& sectionInfo ) = 0;
        -: 1486:
    #####: 1487:        virtual void benchmarkPreparing( std::string const& ) {}
    #####: 1488:        virtual void benchmarkStarting( BenchmarkInfo const& ) {}
    #####: 1489:        virtual void benchmarkEnded( BenchmarkStats<> const& ) {}
    #####: 1490:        virtual void benchmarkFailed( std::string const& ) {}
        -: 1491:
        -: 1492:        virtual void assertionStarting( AssertionInfo const& assertionInfo ) = 0;
        -: 1493:
        -: 1494:        // The return value indicates if the messages buffer should be cleared:
        -: 1495:        virtual bool assertionEnded( AssertionStats const& assertionStats ) = 0;
        -: 1496:
        -: 1497:        virtual void sectionEnded( SectionStats const& sectionStats ) = 0;
        -: 1498:        virtual void testCaseEnded( TestCaseStats const& testCaseStats ) = 0;
        -: 1499:        virtual void testGroupEnded( TestGroupStats const& testGroupStats ) = 0;
        -: 1500:        virtual void testRunEnded( TestRunStats const& testRunStats ) = 0;
        -: 1501:
        -: 1502:        virtual void skipTest( TestCaseInfo const& testInfo ) = 0;
        -: 1503:
        -: 1504:        // Default empty implementation provided
        -: 1505:        virtual void fatalErrorEncountered( StringRef name );
        -: 1506:
        -: 1507:        //! Writes out information about provided reporters using reporter-specific format
        -: 1508:        virtual void listReporters(std::vector<ReporterDescription> const& descriptions, IConfig const& config);
        -: 1509:        //! Writes out information about provided tests using reporter-specific format
        -: 1510:        virtual void listTests(std::vector<TestCaseHandle> const& tests, IConfig const& config);
        -: 1511:        //! Writes out information about the provided tags using reporter-specific format
        -: 1512:        virtual void listTags(std::vector<TagInfo> const& tags, IConfig const& config);
        -: 1513:
        -: 1514:    };
        -: 1515:    using IStreamingReporterPtr = Detail::unique_ptr<IStreamingReporter>;
        -: 1516:
        -: 1517:} // end namespace Catch
        -: 1518:
        -: 1519:#endif // CATCH_INTERFACES_REPORTER_HPP_INCLUDED
        -: 1520:
        -: 1521:
        -: 1522:
        -: 1523:// Adapted from donated nonius code.
        -: 1524:
        -: 1525:#ifndef CATCH_CHRONOMETER_HPP_INCLUDED
        -: 1526:#define CATCH_CHRONOMETER_HPP_INCLUDED
        -: 1527:
        -: 1528:
        -: 1529:
        -: 1530:// Adapted from donated nonius code.
        -: 1531:
        -: 1532:#ifndef CATCH_CLOCK_HPP_INCLUDED
        -: 1533:#define CATCH_CLOCK_HPP_INCLUDED
        -: 1534:
        -: 1535:#include <chrono>
        -: 1536:#include <ratio>
        -: 1537:
        -: 1538:namespace Catch {
        -: 1539:    namespace Benchmark {
        -: 1540:        template <typename Clock>
        -: 1541:        using ClockDuration = typename Clock::duration;
        -: 1542:        template <typename Clock>
        -: 1543:        using FloatDuration = std::chrono::duration<double, typename Clock::period>;
        -: 1544:
        -: 1545:        template <typename Clock>
        -: 1546:        using TimePoint = typename Clock::time_point;
        -: 1547:
        -: 1548:        using default_clock = std::chrono::steady_clock;
        -: 1549:
        -: 1550:        template <typename Clock>
        -: 1551:        struct now {
        -: 1552:            TimePoint<Clock> operator()() const {
        -: 1553:                return Clock::now();
        -: 1554:            }
        -: 1555:        };
        -: 1556:
        -: 1557:        using fp_seconds = std::chrono::duration<double, std::ratio<1>>;
        -: 1558:    } // namespace Benchmark
        -: 1559:} // namespace Catch
        -: 1560:
        -: 1561:#endif // CATCH_CLOCK_HPP_INCLUDED
        -: 1562:
        -: 1563:
        -: 1564:// Adapted from donated nonius code.
        -: 1565:
        -: 1566:#ifndef CATCH_OPTIMIZER_HPP_INCLUDED
        -: 1567:#define CATCH_OPTIMIZER_HPP_INCLUDED
        -: 1568:
        -: 1569:#if defined(_MSC_VER)
        -: 1570:#   include <atomic> // atomic_thread_fence
        -: 1571:#endif
        -: 1572:
        -: 1573:#include <type_traits>
        -: 1574:#include <utility>
        -: 1575:
        -: 1576:namespace Catch {
        -: 1577:    namespace Benchmark {
        -: 1578:#if defined(__GNUC__) || defined(__clang__)
        -: 1579:        template <typename T>
        -: 1580:        inline void keep_memory(T* p) {
        -: 1581:            asm volatile("" : : "g"(p) : "memory");
        -: 1582:        }
        -: 1583:        inline void keep_memory() {
        -: 1584:            asm volatile("" : : : "memory");
        -: 1585:        }
        -: 1586:
        -: 1587:        namespace Detail {
        -: 1588:            inline void optimizer_barrier() { keep_memory(); }
        -: 1589:        } // namespace Detail
        -: 1590:#elif defined(_MSC_VER)
        -: 1591:
        -: 1592:#pragma optimize("", off)
        -: 1593:        template <typename T>
        -: 1594:        inline void keep_memory(T* p) {
        -: 1595:            // thanks @milleniumbug
        -: 1596:            *reinterpret_cast<char volatile*>(p) = *reinterpret_cast<char const volatile*>(p);
        -: 1597:        }
        -: 1598:        // TODO equivalent keep_memory()
        -: 1599:#pragma optimize("", on)
        -: 1600:
        -: 1601:        namespace Detail {
        -: 1602:            inline void optimizer_barrier() {
        -: 1603:                std::atomic_thread_fence(std::memory_order_seq_cst);
        -: 1604:            }
        -: 1605:        } // namespace Detail
        -: 1606:
        -: 1607:#endif
        -: 1608:
        -: 1609:        template <typename T>
        -: 1610:        inline void deoptimize_value(T&& x) {
        -: 1611:            keep_memory(&x);
        -: 1612:        }
        -: 1613:
        -: 1614:        template <typename Fn, typename... Args>
        -: 1615:        inline auto invoke_deoptimized(Fn&& fn, Args&&... args) -> typename std::enable_if<!std::is_same<void, decltype(fn(args...))>::value>::type {
        -: 1616:            deoptimize_value(std::forward<Fn>(fn) (std::forward<Args...>(args...)));
        -: 1617:        }
        -: 1618:
        -: 1619:        template <typename Fn, typename... Args>
        -: 1620:        inline auto invoke_deoptimized(Fn&& fn, Args&&... args) -> typename std::enable_if<std::is_same<void, decltype(fn(args...))>::value>::type {
        -: 1621:            std::forward<Fn>(fn) (std::forward<Args...>(args...));
        -: 1622:        }
        -: 1623:    } // namespace Benchmark
        -: 1624:} // namespace Catch
        -: 1625:
        -: 1626:#endif // CATCH_OPTIMIZER_HPP_INCLUDED
        -: 1627:
        -: 1628:
        -: 1629:// Adapted from donated nonius code.
        -: 1630:
        -: 1631:#ifndef CATCH_COMPLETE_INVOKE_HPP_INCLUDED
        -: 1632:#define CATCH_COMPLETE_INVOKE_HPP_INCLUDED
        -: 1633:
        -: 1634:
        -: 1635:
        -: 1636:#ifndef CATCH_ENFORCE_HPP_INCLUDED
        -: 1637:#define CATCH_ENFORCE_HPP_INCLUDED
        -: 1638:
        -: 1639:
        -: 1640:
        -: 1641:#ifndef CATCH_STREAM_HPP_INCLUDED
        -: 1642:#define CATCH_STREAM_HPP_INCLUDED
        -: 1643:
        -: 1644:
        -: 1645:#include <iosfwd>
        -: 1646:#include <cstddef>
        -: 1647:#include <ostream>
        -: 1648:
        -: 1649:namespace Catch {
        -: 1650:
        -: 1651:    std::ostream& cout();
        -: 1652:    std::ostream& cerr();
        -: 1653:    std::ostream& clog();
        -: 1654:
        -: 1655:    class StringRef;
        -: 1656:
        2: 1657:    struct IStream {
        -: 1658:        virtual ~IStream();
        -: 1659:        virtual std::ostream& stream() const = 0;
        -: 1660:    };
        -: 1661:
        -: 1662:    auto makeStream( StringRef const &filename ) -> IStream const*;
        -: 1663:
        -: 1664:    class ReusableStringStream : Detail::NonCopyable {
        -: 1665:        std::size_t m_index;
        -: 1666:        std::ostream* m_oss;
        -: 1667:    public:
        -: 1668:        ReusableStringStream();
        -: 1669:        ~ReusableStringStream();
        -: 1670:
        -: 1671:        //! Returns the serialized state
        -: 1672:        std::string str() const;
        -: 1673:        //! Sets internal state to `str`
        -: 1674:        void str(std::string const& str);
        -: 1675:
        -: 1676:#if defined(__GNUC__) && !defined(__clang__)
        -: 1677:#pragma GCC diagnostic push
[...]
        -:10567:
        -:10568:        std::shared_ptr<SectionNode> m_rootSection;
        -:10569:        std::shared_ptr<SectionNode> m_deepestSection;
        -:10570:        std::vector<std::shared_ptr<SectionNode>> m_sectionStack;
        -:10571:    };
        -:10572:
        -:10573:} // end namespace Catch
        -:10574:
        -:10575:#endif // CATCH_REPORTER_CUMULATIVE_BASE_HPP_INCLUDED
        -:10576:
        -:10577:
        -:10578:#ifndef CATCH_REPORTER_EVENT_LISTENER_HPP_INCLUDED
        -:10579:#define CATCH_REPORTER_EVENT_LISTENER_HPP_INCLUDED
        -:10580:
        -:10581:
        -:10582:namespace Catch {
        -:10583:
        -:10584:    /**
        -:10585:     * Base class identifying listeners.
        -:10586:     *
        -:10587:     * Provides default implementation for all IStreamingReporter member
        -:10588:     * functions, so that listeners implementations can pick which
        -:10589:     * member functions it actually cares about.
        -:10590:     */
    #####:10591:    class EventListenerBase : public IStreamingReporter {
        -:10592:        IConfig const* m_config;
        -:10593:
        -:10594:    public:
        -:10595:        EventListenerBase( ReporterConfig const& config ):
        -:10596:            m_config( config.fullConfig() ) {}
        -:10597:
        -:10598:        void assertionStarting( AssertionInfo const& assertionInfo ) override;
        -:10599:        bool assertionEnded( AssertionStats const& assertionStats ) override;
        -:10600:
        -:10601:        void
        -:10602:        listReporters( std::vector<ReporterDescription> const& descriptions,
        -:10603:                       IConfig const& config ) override;
        -:10604:        void listTests( std::vector<TestCaseHandle> const& tests,
        -:10605:                        IConfig const& config ) override;
        -:10606:        void listTags( std::vector<TagInfo> const& tagInfos,
        -:10607:                       IConfig const& config ) override;
        -:10608:
        -:10609:        void noMatchingTestCases( std::string const& spec ) override;
        -:10610:        void testRunStarting( TestRunInfo const& testRunInfo ) override;
        -:10611:        void testGroupStarting( GroupInfo const& groupInfo ) override;
        -:10612:        void testCaseStarting( TestCaseInfo const& testInfo ) override;
        -:10613:        void sectionStarting( SectionInfo const& sectionInfo ) override;
        -:10614:        void sectionEnded( SectionStats const& sectionStats ) override;
        -:10615:        void testCaseEnded( TestCaseStats const& testCaseStats ) override;
        -:10616:        void testGroupEnded( TestGroupStats const& testGroupStats ) override;
        -:10617:        void testRunEnded( TestRunStats const& testRunStats ) override;
        -:10618:        void skipTest( TestCaseInfo const& testInfo ) override;
        -:10619:    };
        -:10620:
        -:10621:} // end namespace Catch
        -:10622:
        -:10623:#endif // CATCH_REPORTER_EVENT_LISTENER_HPP_INCLUDED
        -:10624:
        -:10625:
        -:10626:#ifndef CATCH_REPORTER_HELPERS_HPP_INCLUDED
        -:10627:#define CATCH_REPORTER_HELPERS_HPP_INCLUDED
        -:10628:
        -:10629:#include <iosfwd>
        -:10630:#include <string>
        -:10631:#include <vector>
        -:10632:
        -:10633:namespace Catch {
        -:10634:
        -:10635:    struct IConfig;
        -:10636:
        -:10637:    // Returns double formatted as %.3f (format expected on output)
        -:10638:    std::string getFormattedDuration( double duration );
        -:10639:
        -:10640:    //! Should the reporter show duration of test given current configuration?
        -:10641:    bool shouldShowDuration( IConfig const& config, double duration );
        -:10642:
        -:10643:    std::string serializeFilters( std::vector<std::string> const& filters );
        -:10644:
        -:10645:    struct lineOfChars {
        -:10646:        char c;
        -:10647:        constexpr lineOfChars( char c_ ): c( c_ ) {}
        -:10648:
        -:10649:        friend std::ostream& operator<<( std::ostream& out, lineOfChars value );
        -:10650:    };
        -:10651:
        -:10652:} // end namespace Catch
        -:10653:
        -:10654:#endif // CATCH_REPORTER_HELPERS_HPP_INCLUDED
        -:10655:
        -:10656:
        -:10657:#ifndef CATCH_REPORTER_JUNIT_HPP_INCLUDED
        -:10658:#define CATCH_REPORTER_JUNIT_HPP_INCLUDED
        -:10659:
        -:10660:
        -:10661:
        -:10662:namespace Catch {
        -:10663:
        -:10664:    class JunitReporter : public CumulativeReporterBase {
        -:10665:    public:
        -:10666:        JunitReporter(ReporterConfig const& _config);
        -:10667:
        -:10668:        ~JunitReporter() override;
        -:10669:
        -:10670:        static std::string getDescription();
        -:10671:
        -:10672:        void noMatchingTestCases(std::string const& /*spec*/) override;
        -:10673:
        -:10674:        void testRunStarting(TestRunInfo const& runInfo) override;
        -:10675:
        -:10676:        void testGroupStarting(GroupInfo const& groupInfo) override;
        -:10677:
        -:10678:        void testCaseStarting(TestCaseInfo const& testCaseInfo) override;
        -:10679:        bool assertionEnded(AssertionStats const& assertionStats) override;
        -:10680:
        -:10681:        void testCaseEnded(TestCaseStats const& testCaseStats) override;
        -:10682:
        -:10683:        void testGroupEnded(TestGroupStats const& testGroupStats) override;
        -:10684:
        -:10685:        void testRunEndedCumulative() override;
        -:10686:
        -:10687:        void writeGroup(TestGroupNode const& groupNode, double suiteTime);
        -:10688:
        -:10689:        void writeTestCase(TestCaseNode const& testCaseNode);
        -:10690:
        -:10691:        void writeSection(std::string const& className,
        -:10692:                          std::string const& rootName,
        -:10693:                          SectionNode const& sectionNode);
        -:10694:
        -:10695:        void writeAssertions(SectionNode const& sectionNode);
        -:10696:        void writeAssertion(AssertionStats const& stats);
        -:10697:
        -:10698:        XmlWriter xml;
        -:10699:        Timer suiteTimer;
        -:10700:        std::string stdOutForSuite;
        -:10701:        std::string stdErrForSuite;
        -:10702:        unsigned int unexpectedExceptions = 0;
        -:10703:        bool m_okToFail = false;
        -:10704:    };
        -:10705:
        -:10706:} // end namespace Catch
        -:10707:
        -:10708:#endif // CATCH_REPORTER_JUNIT_HPP_INCLUDED
        -:10709:
        -:10710:
        -:10711:#ifndef CATCH_REPORTER_LISTENING_HPP_INCLUDED
        -:10712:#define CATCH_REPORTER_LISTENING_HPP_INCLUDED
        -:10713:
        -:10714:
        -:10715:namespace Catch {
        -:10716:
    #####:10717:    class ListeningReporter final : public IStreamingReporter {
        -:10718:        using Reporters = std::vector<IStreamingReporterPtr>;
        -:10719:        Reporters m_listeners;
        -:10720:        IStreamingReporterPtr m_reporter = nullptr;
        -:10721:
        -:10722:    public:
        -:10723:        ListeningReporter();
        -:10724:
        -:10725:        void addListener( IStreamingReporterPtr&& listener );
        -:10726:        void addReporter( IStreamingReporterPtr&& reporter );
        -:10727:
        -:10728:    public: // IStreamingReporter
        -:10729:
        -:10730:        void noMatchingTestCases( std::string const& spec ) override;
        -:10731:
        -:10732:        void reportInvalidArguments(std::string const&arg) override;
        -:10733:
        -:10734:        void benchmarkPreparing(std::string const& name) override;
        -:10735:        void benchmarkStarting( BenchmarkInfo const& benchmarkInfo ) override;
        -:10736:        void benchmarkEnded( BenchmarkStats<> const& benchmarkStats ) override;
        -:10737:        void benchmarkFailed(std::string const&) override;
        -:10738:
        -:10739:        void testRunStarting( TestRunInfo const& testRunInfo ) override;
        -:10740:        void testGroupStarting( GroupInfo const& groupInfo ) override;
        -:10741:        void testCaseStarting( TestCaseInfo const& testInfo ) override;
        -:10742:        void sectionStarting( SectionInfo const& sectionInfo ) override;
        -:10743:        void assertionStarting( AssertionInfo const& assertionInfo ) override;
        -:10744:
        -:10745:        // The return value indicates if the messages buffer should be cleared:
        -:10746:        bool assertionEnded( AssertionStats const& assertionStats ) override;
        -:10747:        void sectionEnded( SectionStats const& sectionStats ) override;
        -:10748:        void testCaseEnded( TestCaseStats const& testCaseStats ) override;
        -:10749:        void testGroupEnded( TestGroupStats const& testGroupStats ) override;
        -:10750:        void testRunEnded( TestRunStats const& testRunStats ) override;
        -:10751:
        -:10752:        void skipTest( TestCaseInfo const& testInfo ) override;
        -:10753:
        -:10754:        void listReporters(std::vector<ReporterDescription> const& descriptions, IConfig const& config) override;
        -:10755:        void listTests(std::vector<TestCaseHandle> const& tests, IConfig const& config) override;
        -:10756:        void listTags(std::vector<TagInfo> const& tags, IConfig const& config) override;
        -:10757:
        -:10758:
        -:10759:    };
        -:10760:
        -:10761:} // end namespace Catch
        -:10762:
        -:10763:#endif // CATCH_REPORTER_LISTENING_HPP_INCLUDED
        -:10764:
        -:10765:
        -:10766:#ifndef CATCH_REPORTER_SONARQUBE_HPP_INCLUDED
        -:10767:#define CATCH_REPORTER_SONARQUBE_HPP_INCLUDED
        -:10768:
        -:10769:
        -:10770:
        -:10771:namespace Catch {
        -:10772:
        -:10773:    struct SonarQubeReporter : CumulativeReporterBase {
        -:10774:
    #####:10775:        SonarQubeReporter(ReporterConfig const& config)
        -:10776:        : CumulativeReporterBase(config)
    #####:10777:        , xml(config.stream()) {
    #####:10778:            m_preferences.shouldRedirectStdOut = true;
    #####:10779:            m_preferences.shouldReportAllAssertions = true;
    #####:10780:        }
        -:10781:
        -:10782:        ~SonarQubeReporter() override;
        -:10783:
        -:10784:        static std::string getDescription() {
        -:10785:            using namespace std::string_literals;
        -:10786:            return "Reports test results in the Generic Test Data SonarQube XML format"s;
        -:10787:        }
        -:10788:
    #####:10789:        void noMatchingTestCases(std::string const& /*spec*/) override {}
        -:10790:
        -:10791:        void testRunStarting(TestRunInfo const& testRunInfo) override;
        -:10792:
        -:10793:        void testGroupEnded(TestGroupStats const& testGroupStats) override;
        -:10794:
    #####:10795:        void testRunEndedCumulative() override {
    #####:10796:            xml.endElement();
    #####:10797:        }
        -:10798:
        -:10799:        void writeGroup(TestGroupNode const& groupNode);
        -:10800:
        -:10801:        void writeTestFile(std::string const& filename, TestGroupNode::ChildNodes const& testCaseNodes);
        -:10802:
        -:10803:        void writeTestCase(TestCaseNode const& testCaseNode);
        -:10804:
        -:10805:        void writeSection(std::string const& rootName, SectionNode const& sectionNode, bool okToFail);
        -:10806:
        -:10807:        void writeAssertions(SectionNode const& sectionNode, bool okToFail);
        -:10808:
        -:10809:        void writeAssertion(AssertionStats const& stats, bool okToFail);
        -:10810:
        -:10811:    private:
        -:10812:        XmlWriter xml;
        -:10813:    };
        -:10814:
        -:10815:
        -:10816:} // end namespace Catch
        -:10817:
        -:10818:#endif // CATCH_REPORTER_SONARQUBE_HPP_INCLUDED
        -:10819:
        -:10820:
        -:10821:#ifndef CATCH_REPORTER_TAP_HPP_INCLUDED
        -:10822:#define CATCH_REPORTER_TAP_HPP_INCLUDED
        -:10823:
        -:10824:
        -:10825:namespace Catch {
        -:10826:
        -:10827:    struct TAPReporter : StreamingReporterBase {
        -:10828:
        -:10829:        TAPReporter( ReporterConfig const& config ):
    #####:10830:            StreamingReporterBase( config ) {
    #####:10831:            m_preferences.shouldReportAllAssertions = true;
        -:10832:        }
        -:10833:        ~TAPReporter() override;
        -:10834:
        -:10835:        static std::string getDescription() {
        -:10836:            using namespace std::string_literals;
        -:10837:            return "Reports test results in TAP format, suitable for test harnesses"s;
        -:10838:        }
        -:10839:
        -:10840:        void noMatchingTestCases(std::string const& spec) override;
        -:10841:
    #####:10842:        void assertionStarting( AssertionInfo const& ) override {}
        -:10843:
        -:10844:        bool assertionEnded(AssertionStats const& _assertionStats) override;
        -:10845:
        -:10846:        void testRunEnded(TestRunStats const& _testRunStats) override;
        -:10847:
        -:10848:    private:
        -:10849:        std::size_t counter = 0;
        -:10850:    };
        -:10851:
        -:10852:} // end namespace Catch
        -:10853:
        -:10854:#endif // CATCH_REPORTER_TAP_HPP_INCLUDED
        -:10855:
        -:10856:
        -:10857:#ifndef CATCH_REPORTER_TEAMCITY_HPP_INCLUDED
        -:10858:#define CATCH_REPORTER_TEAMCITY_HPP_INCLUDED
        -:10859:
        -:10860:
        -:10861:#include <cstring>
        -:10862:
        -:10863:#ifdef __clang__
        -:10864:#   pragma clang diagnostic push
        -:10865:#   pragma clang diagnostic ignored "-Wpadded"
        -:10866:#endif
        -:10867:
        -:10868:namespace Catch {
        -:10869:
        -:10870:    struct TeamCityReporter : StreamingReporterBase {
        -:10871:        TeamCityReporter( ReporterConfig const& _config )
    #####:10872:        :   StreamingReporterBase( _config )
        -:10873:        {
    #####:10874:            m_preferences.shouldRedirectStdOut = true;
        -:10875:        }
        -:10876:
        -:10877:        ~TeamCityReporter() override;
        -:10878:
        -:10879:        static std::string getDescription() {
        -:10880:            using namespace std::string_literals;
        -:10881:            return "Reports test results as TeamCity service messages"s;
        -:10882:        }
        -:10883:
    #####:10884:        void skipTest( TestCaseInfo const& /* testInfo */ ) override {}
        -:10885:
    #####:10886:        void noMatchingTestCases( std::string const& /* spec */ ) override {}
        -:10887:
        -:10888:        void testGroupStarting(GroupInfo const& groupInfo) override;
        -:10889:        void testGroupEnded(TestGroupStats const& testGroupStats) override;
        -:10890:
        -:10891:
    #####:10892:        void assertionStarting(AssertionInfo const&) override {}
        -:10893:
        -:10894:        bool assertionEnded(AssertionStats const& assertionStats) override;
        -:10895:
    #####:10896:        void sectionStarting(SectionInfo const& sectionInfo) override {
    #####:10897:            m_headerPrintedForThisSection = false;
        -:10898:            StreamingReporterBase::sectionStarting( sectionInfo );
    #####:10899:        }
        -:10900:
        -:10901:        void testCaseStarting(TestCaseInfo const& testInfo) override;
        -:10902:
        -:10903:        void testCaseEnded(TestCaseStats const& testCaseStats) override;
        -:10904:
        -:10905:    private:
        -:10906:        void printSectionHeader(std::ostream& os);
        -:10907:
        -:10908:    private:
        -:10909:        bool m_headerPrintedForThisSection = false;
        -:10910:        Timer m_testTimer;
        -:10911:    };
        -:10912:
        -:10913:} // end namespace Catch
        -:10914:
        -:10915:#ifdef __clang__
        -:10916:#   pragma clang diagnostic pop
        -:10917:#endif
        -:10918:
        -:10919:#endif // CATCH_REPORTER_TEAMCITY_HPP_INCLUDED
        -:10920:
        -:10921:
        -:10922:#ifndef CATCH_REPORTER_XML_HPP_INCLUDED
        -:10923:#define CATCH_REPORTER_XML_HPP_INCLUDED
        -:10924:
        -:10925:
        -:10926:
        -:10927:
        -:10928:namespace Catch {
    #####:10929:    class XmlReporter : public StreamingReporterBase {
        -:10930:    public:
        -:10931:        XmlReporter(ReporterConfig const& _config);
        -:10932:
        -:10933:        ~XmlReporter() override;
        -:10934:
        -:10935:        static std::string getDescription();
        -:10936:
        -:10937:        virtual std::string getStylesheetRef() const;
        -:10938:
        -:10939:        void writeSourceInfo(SourceLineInfo const& sourceInfo);
        -:10940:
        -:10941:    public: // StreamingReporterBase
        -:10942:
        -:10943:        void noMatchingTestCases(std::string const& s) override;
        -:10944:
        -:10945:        void testRunStarting(TestRunInfo const& testInfo) override;
        -:10946:
        -:10947:        void testGroupStarting(GroupInfo const& groupInfo) override;
        -:10948:
        -:10949:        void testCaseStarting(TestCaseInfo const& testInfo) override;
        -:10950:
        -:10951:        void sectionStarting(SectionInfo const& sectionInfo) override;
        -:10952:
        -:10953:        void assertionStarting(AssertionInfo const&) override;
        -:10954:
        -:10955:        bool assertionEnded(AssertionStats const& assertionStats) override;
        -:10956:
        -:10957:        void sectionEnded(SectionStats const& sectionStats) override;
        -:10958:
        -:10959:        void testCaseEnded(TestCaseStats const& testCaseStats) override;
        -:10960:
        -:10961:        void testGroupEnded(TestGroupStats const& testGroupStats) override;
        -:10962:
        -:10963:        void testRunEnded(TestRunStats const& testRunStats) override;
        -:10964:
        -:10965:        void benchmarkPreparing(std::string const& name) override;
        -:10966:        void benchmarkStarting(BenchmarkInfo const&) override;
        -:10967:        void benchmarkEnded(BenchmarkStats<> const&) override;
        -:10968:        void benchmarkFailed(std::string const&) override;
        -:10969:
        -:10970:        void listReporters(std::vector<ReporterDescription> const& descriptions, IConfig const& config) override;
        -:10971:        void listTests(std::vector<TestCaseHandle> const& tests, IConfig const& config) override;
        -:10972:        void listTags(std::vector<TagInfo> const& tags, IConfig const& config) override;
        -:10973:
        -:10974:    private:
        -:10975:        Timer m_testCaseTimer;
        -:10976:        XmlWriter m_xml;
        -:10977:        int m_sectionDepth = 0;
        -:10978:    };
        -:10979:
        -:10980:} // end namespace Catch
        -:10981:
        -:10982:#endif // CATCH_REPORTER_XML_HPP_INCLUDED
        -:10983:
        -:10984:#endif // CATCH_REPORTERS_ALL_HPP_INCLUDED
        -:10985:
        -:10986:#endif // CATCH_ALL_HPP_INCLUDED
        -:10987:#endif // CATCH_AMALGAMATED_HPP_INCLUDED
