        -:    0:Source:test.cpp
        -:    0:Graph:test.gcno
        -:    0:Data:test.gcda
        -:    0:Runs:1
        -:    0:Programs:1
        -:    1:#define CATCH_CONFIG_MAIN  // This tells Catch to provide a main() - only do this in one cpp file
        -:    2:#include "catch_amalgamated.hpp"
        -:    3:#include "catch_amalgamated.cpp"
        -:    4:
    #####:    5:unsigned int Factorial( unsigned int number ) {
       15:    6:    return number <= 1 ? number : Factorial(number-1)*number;
        -:    7:}
        -:    8:
        4:    9:TEST_CASE( "Factorials are computed", "[factorial]" ) {
        2:   10:    REQUIRE( Factorial(1) == 1 );
        3:   11:    REQUIRE( Factorial(2) == 2 );
        3:   12:    REQUIRE( Factorial(3) == 6 );
        3:   13:    REQUIRE( Factorial(10) == 3628800 );
        4:   14:}
